Log file open, 01/10/19 18:04:56
LogWindows: Failed to load 'aqProf.dll' (GetLastError=126)
LogWindows: File 'aqProf.dll' does not exist
LogWindows: Failed to load 'VtuneApi.dll' (GetLastError=126)
LogWindows: File 'VtuneApi.dll' does not exist
LogWindows: Failed to load 'VtuneApi32e.dll' (GetLastError=126)
LogWindows: File 'VtuneApi32e.dll' does not exist
LogConsoleResponse: Display: Failed to find resolution value strings in scalability ini. Falling back to default.
LogInit: Display: Running engine for game: MyProject
LogPakFile: Registered encryption key '00000000000000000000000000000000': 0 pak files mounted, 0 remain pending
LogPlatformFile: Not using cached read wrapper
LogTaskGraph: Started task graph with 5 named threads and 14 total threads with 3 sets of task threads.
LogStats: Stats thread started at 0.162301
LogD3D11RHI: Loaded GFSDK_Aftermath_Lib.x64.dll
LogICUInternationalization: ICU TimeZone Detection - Raw Offset: +0:00, Platform Override: ''
LogPluginManager: Mounting plugin Paper2D
LogPluginManager: Mounting plugin AISupport
LogPluginManager: Mounting plugin LightPropagationVolume
LogPluginManager: Mounting plugin ActorLayerUtilities
LogPluginManager: Mounting plugin CLionSourceCodeAccess
LogPluginManager: Mounting plugin CodeLiteSourceCodeAccess
LogPluginManager: Mounting plugin GitSourceControl
LogPluginManager: Mounting plugin KDevelopSourceCodeAccess
LogPluginManager: Mounting plugin NullSourceCodeAccess
LogPluginManager: Mounting plugin PerforceSourceControl
LogPluginManager: Mounting plugin SubversionSourceControl
LogPluginManager: Mounting plugin UObjectPlugin
LogPluginManager: Mounting plugin VisualStudioCodeSourceCodeAccess
LogPluginManager: Mounting plugin VisualStudioSourceCodeAccess
LogPluginManager: Mounting plugin XCodeSourceCodeAccess
LogPluginManager: Mounting plugin AssetManagerEditor
LogPluginManager: Mounting plugin CryptoKeys
LogPluginManager: Mounting plugin DataValidation
LogPluginManager: Mounting plugin FacialAnimation
LogPluginManager: Mounting plugin GameplayTagsEditor
LogPluginManager: Mounting plugin MacGraphicsSwitching
LogPluginManager: Mounting plugin MeshEditor
LogPluginManager: Mounting plugin MobileLauncherProfileWizard
LogPluginManager: Mounting plugin PluginBrowser
LogPluginManager: Mounting plugin SpeedTreeImporter
LogPluginManager: Mounting plugin DatasmithContent
LogPluginManager: Mounting plugin VariantManagerContent
LogPluginManager: Mounting plugin AlembicImporter
LogPluginManager: Mounting plugin AppleImageUtils
LogPluginManager: Mounting plugin AppleVision
LogPluginManager: Mounting plugin BackChannel
LogPluginManager: Mounting plugin CharacterAI
LogPluginManager: Mounting plugin GeometryCache
LogPluginManager: Mounting plugin HTML5Networking
LogPluginManager: Mounting plugin ProxyLODPlugin
LogPluginManager: Mounting plugin MagicLeap
LogPluginManager: Mounting plugin MagicLeapMedia
LogPluginManager: Mounting plugin AndroidMedia
LogPluginManager: Mounting plugin AvfMedia
LogPluginManager: Mounting plugin ImgMedia
LogPluginManager: Mounting plugin LinearTimecode
LogPluginManager: Mounting plugin MediaCompositing
LogPluginManager: Mounting plugin MediaPlayerEditor
LogPluginManager: Mounting plugin WebMMedia
LogPluginManager: Mounting plugin WmfMedia
LogPluginManager: Mounting plugin TcpMessaging
LogPluginManager: Mounting plugin UdpMessaging
LogPluginManager: Mounting plugin ActorSequence
LogPluginManager: Mounting plugin LevelSequenceEditor
LogPluginManager: Mounting plugin MatineeToLevelSequence
LogPluginManager: Mounting plugin NetcodeUnitTest
LogPluginManager: Mounting plugin NUTUnrealEngine4
LogPluginManager: Mounting plugin OnlineSubsystemGooglePlay
LogPluginManager: Mounting plugin OnlineSubsystemIOS
LogPluginManager: Mounting plugin OnlineSubsystem
LogPluginManager: Mounting plugin OnlineSubsystemNull
LogPluginManager: Mounting plugin OnlineSubsystemUtils
LogPluginManager: Mounting plugin LauncherChunkInstaller
LogPluginManager: Mounting plugin AndroidDeviceProfileSelector
LogPluginManager: Mounting plugin AndroidMoviePlayer
LogPluginManager: Mounting plugin AndroidPermission
LogPluginManager: Mounting plugin AppleMoviePlayer
LogPluginManager: Mounting plugin ArchVisCharacter
LogPluginManager: Mounting plugin AudioCapture
LogPluginManager: Mounting plugin CableComponent
LogPluginManager: Mounting plugin CustomMeshComponent
LogPluginManager: Mounting plugin EditableMesh
LogPluginManager: Mounting plugin ExampleDeviceProfileSelector
LogPluginManager: Mounting plugin Firebase
LogPluginManager: Mounting plugin GoogleCloudMessaging
LogPluginManager: Mounting plugin IOSDeviceProfileSelector
LogPluginManager: Mounting plugin LinuxDeviceProfileSelector
LogPluginManager: Mounting plugin LocationServicesBPLibrary
LogPluginManager: Mounting plugin MobilePatchingUtils
LogPluginManager: Mounting plugin OculusVR
LogPluginManager: Mounting plugin PhysXVehicles
LogPluginManager: Mounting plugin ProceduralMeshComponent
LogPluginManager: Mounting plugin RuntimePhysXCooking
LogPluginManager: Mounting plugin SteamVR
LogPluginManager: Mounting plugin WebMMoviePlayer
LogPluginManager: Mounting plugin WindowsMoviePlayer
LogStreaming: Display: Took  0.056s to configure plugins.
LogInit: Using libcurl 7.55.1-DEV
LogInit:  - built for x86_64-pc-win32
LogInit:  - supports SSL with OpenSSL/1.0.2h
LogInit:  - supports HTTP deflate (compression) using libz 1.2.8
LogInit:  - other features:
LogInit:      CURL_VERSION_SSL
LogInit:      CURL_VERSION_LIBZ
LogInit:      CURL_VERSION_IPV6
LogInit:      CURL_VERSION_ASYNCHDNS
LogInit:      CURL_VERSION_LARGEFILE
LogInit:      CURL_VERSION_IDN
LogInit:  CurlRequestOptions (configurable via config and command line):
LogInit:  - bVerifyPeer = true  - Libcurl will verify peer certificate
LogInit:  - bUseHttpProxy = false  - Libcurl will NOT use HTTP proxy
LogInit:  - bDontReuseConnections = false  - Libcurl will reuse connections
LogInit:  - MaxHostConnections = 16  - Libcurl will limit the number of connections to a host
LogInit:  - LocalHostAddr = Default
LogInit:  - BufferSize = 65536
LogInit: WinSock: version 1.1 (2.2), MaxSocks=32767, MaxUdp=65467
LogInit: Build: ++UE4+Release-4.21-CL-4613538
LogInit: Engine Version: 4.21.1-4613538+++UE4+Release-4.21
LogInit: Compatible Engine Version: 4.21.0-4541578+++UE4+Release-4.21
LogInit: Net CL: 4541578
LogInit: OS: Windows 7 (Service Pack 1), CPU:         Intel(R) Core(TM) i5-3570 CPU @ 3.40GHz, GPU: NVIDIA GeForce GTX 1070 Ti
LogInit: Compiled (64-bit): Nov 30 2018 04:13:25
LogInit: Compiled with Visual C++: 19.13.26129.00
LogInit: Build Configuration: Development
LogInit: Branch Name: ++UE4+Release-4.21
LogInit: Command Line: 
LogInit: Base Directory: C:/Program Files/Epic Games/UE_4.21/Engine/Binaries/Win64/
LogInit: Installed Engine Build: 1
LogDevObjectVersion: Number of dev versions registered: 22
LogDevObjectVersion:   Dev-Blueprints (B0D832E4-1F89-4F0D-ACCF-7EB736FD4AA2): 10
LogDevObjectVersion:   Dev-Build (E1C64328-A22C-4D53-A36C-8E866417BD8C): 0
LogDevObjectVersion:   Dev-Core (375EC13C-06E4-48FB-B500-84F0262A717E): 2
LogDevObjectVersion:   Dev-Editor (E4B068ED-F494-42E9-A231-DA0B2E46BB41): 26
LogDevObjectVersion:   Dev-Framework (CFFC743F-43B0-4480-9391-14DF171D2073): 34
LogDevObjectVersion:   Dev-Mobile (B02B49B5-BB20-44E9-A304-32B752E40360): 2
LogDevObjectVersion:   Dev-Networking (A4E4105C-59A1-49B5-A7C5-40C4547EDFEE): 0
LogDevObjectVersion:   Dev-Online (39C831C9-5AE6-47DC-9A44-9C173E1C8E7C): 0
LogDevObjectVersion:   Dev-Physics (78F01B33-EBEA-4F98-B9B4-84EACCB95AA2): 0
LogDevObjectVersion:   Dev-Platform (6631380F-2D4D-43E0-8009-CF276956A95A): 0
LogDevObjectVersion:   Dev-Rendering (12F88B9F-8875-4AFC-A67C-D90C383ABD29): 27
LogDevObjectVersion:   Dev-Sequencer (7B5AE74C-D270-4C10-A958-57980B212A5A): 9
LogDevObjectVersion:   Dev-VR (D7296918-1DD6-4BDD-9DE2-64A83CC13884): 2
LogDevObjectVersion:   Dev-LoadTimes (C2A15278-BFE7-4AFE-6C17-90FF531DF755): 1
LogDevObjectVersion:   Private-Geometry (6EACA3D4-40EC-4CC1-B786-8BED09428FC5): 3
LogDevObjectVersion:   Dev-AnimPhys (29E575DD-E0A3-4627-9D10-D276232CDCEA): 17
LogDevObjectVersion:   Dev-Anim (AF43A65D-7FD3-4947-9873-3E8ED9C1BB05): 2
LogDevObjectVersion:   Dev-ReflectionCapture (6B266CEC-1EC7-4B8F-A30B-E4D90942FC07): 1
LogDevObjectVersion:   Dev-Automation (0DF73D61-A23F-47EA-B727-89E90C41499A): 1
LogDevObjectVersion:   FortniteMain (601D1886-AC64-4F84-AA16-D3DE0DEAC7D6): 17
LogDevObjectVersion:   Dev-Enterprise (9DFFBCD6-494F-0158-E221-12823C92A888): 4
LogDevObjectVersion:   Dev-Niagara (F2AED0AC-9AFE-416F-8664-AA7FFA26D6FC): 1
LogStreaming: Display: Took  0.002s to delete old logs.
LogInit: Presizing for max 8388607 objects, including 0 objects not considered by GC, pre-allocating 0 bytes for permanent pool.
LogInit: Object subsystem initialized
LogConfig: Setting CVar [[con.DebugEarlyDefault:1]]
LogConfig: Setting CVar [[r.setres:1280x720]]
[2019.01.10-18.04.56:829][  0]LogConfig: Setting CVar [[r.VSync:0]]
[2019.01.10-18.04.56:829][  0]LogConfig: Setting CVar [[r.RHICmdBypass:0]]
[2019.01.10-18.04.56:829][  0]LogConfig: Applying CVar settings from Section [/Script/Engine.RendererSettings] File [C:/Users/Meth/Documents/Unreal Projects/MyProject 4.21/Saved/Config/Windows/Engine.ini]
[2019.01.10-18.04.56:829][  0]LogConfig: Setting CVar [[r.GPUCrashDebugging:0]]
[2019.01.10-18.04.56:829][  0]LogConfig: Applying CVar settings from Section [/Script/Engine.RendererOverrideSettings] File [C:/Users/Meth/Documents/Unreal Projects/MyProject 4.21/Saved/Config/Windows/Engine.ini]
[2019.01.10-18.04.56:829][  0]LogConfig: Applying CVar settings from Section [/Script/Engine.StreamingSettings] File [C:/Users/Meth/Documents/Unreal Projects/MyProject 4.21/Saved/Config/Windows/Engine.ini]
[2019.01.10-18.04.56:829][  0]LogConfig: Setting CVar [[s.MinBulkDataSizeForAsyncLoading:131072]]
[2019.01.10-18.04.56:829][  0]LogConfig: Setting CVar [[s.AsyncLoadingThreadEnabled:0]]
[2019.01.10-18.04.56:829][  0]LogConfig: Setting CVar [[s.EventDrivenLoaderEnabled:1]]
[2019.01.10-18.04.56:829][  0]LogConfig: Setting CVar [[s.WarnIfTimeLimitExceeded:0]]
[2019.01.10-18.04.56:829][  0]LogConfig: Setting CVar [[s.TimeLimitExceededMultiplier:1.5]]
[2019.01.10-18.04.56:829][  0]LogConfig: Setting CVar [[s.TimeLimitExceededMinTime:0.005]]
[2019.01.10-18.04.56:829][  0]LogConfig: Setting CVar [[s.UseBackgroundLevelStreaming:1]]
[2019.01.10-18.04.56:829][  0]LogConfig: Setting CVar [[s.PriorityAsyncLoadingExtraTime:15.0]]
[2019.01.10-18.04.56:829][  0]LogConfig: Setting CVar [[s.LevelStreamingActorsUpdateTimeLimit:5.0]]
[2019.01.10-18.04.56:829][  0]LogConfig: Setting CVar [[s.PriorityLevelStreamingActorsUpdateExtraTime:5.0]]
[2019.01.10-18.04.56:829][  0]LogConfig: Setting CVar [[s.LevelStreamingComponentsRegistrationGranularity:10]]
[2019.01.10-18.04.56:830][  0]LogConfig: Setting CVar [[s.UnregisterComponentsTimeLimit:1.0]]
[2019.01.10-18.04.56:830][  0]LogConfig: Setting CVar [[s.LevelStreamingComponentsUnregistrationGranularity:5]]
[2019.01.10-18.04.56:830][  0]LogConfig: Applying CVar settings from Section [/Script/Engine.GarbageCollectionSettings] File [C:/Users/Meth/Documents/Unreal Projects/MyProject 4.21/Saved/Config/Windows/Engine.ini]
[2019.01.10-18.04.56:830][  0]LogConfig: Setting CVar [[gc.MaxObjectsNotConsideredByGC:1]]
[2019.01.10-18.04.56:830][  0]LogConfig: Setting CVar [[gc.SizeOfPermanentObjectPool:0]]
[2019.01.10-18.04.56:830][  0]LogConfig: Setting CVar [[gc.FlushStreamingOnGC:0]]
[2019.01.10-18.04.56:830][  0]LogConfig: Setting CVar [[gc.NumRetriesBeforeForcingGC:10]]
[2019.01.10-18.04.56:830][  0]LogConfig: Setting CVar [[gc.AllowParallelGC:1]]
[2019.01.10-18.04.56:830][  0]LogConfig: Setting CVar [[gc.TimeBetweenPurgingPendingKillObjects:61.1]]
[2019.01.10-18.04.56:830][  0]LogConfig: Setting CVar [[gc.MaxObjectsInEditor:8388607]]
[2019.01.10-18.04.56:830][  0]LogConfig: Setting CVar [[gc.IncrementalBeginDestroyEnabled:1]]
[2019.01.10-18.04.56:830][  0]LogConfig: Setting CVar [[gc.CreateGCClusters:1]]
[2019.01.10-18.04.56:830][  0]LogConfig: Setting CVar [[gc.MergeGCClusters:0]]
[2019.01.10-18.04.56:830][  0]LogConfig: Setting CVar [[gc.MinGCClusterSize:5]]
[2019.01.10-18.04.56:830][  0]LogConfig: Setting CVar [[gc.ActorClusteringEnabled:0]]
[2019.01.10-18.04.56:830][  0]LogConfig: Setting CVar [[gc.BlueprintClusteringEnabled:0]]
[2019.01.10-18.04.56:830][  0]LogConfig: Setting CVar [[gc.UseDisregardForGCOnDedicatedServers:0]]
[2019.01.10-18.04.56:830][  0]LogConfig: Applying CVar settings from Section [/Script/Engine.NetworkSettings] File [C:/Users/Meth/Documents/Unreal Projects/MyProject 4.21/Saved/Config/Windows/Engine.ini]
[2019.01.10-18.04.56:830][  0]LogConfig: Applying CVar settings from Section [/Script/UnrealEd.CookerSettings] File [C:/Users/Meth/Documents/Unreal Projects/MyProject 4.21/Saved/Config/Windows/Engine.ini]
[2019.01.10-18.04.56:832][  0]LogConfig: Applying CVar settings from Section [ViewDistanceQuality@3] File [C:/Users/Meth/Documents/Unreal Projects/MyProject 4.21/Saved/Config/Windows/Scalability.ini]
[2019.01.10-18.04.56:832][  0]LogConfig: Setting CVar [[r.SkeletalMeshLODBias:0]]
[2019.01.10-18.04.56:832][  0]LogConfig: Setting CVar [[r.ViewDistanceScale:1.0]]
[2019.01.10-18.04.56:832][  0]LogConfig: Applying CVar settings from Section [AntiAliasingQuality@3] File [C:/Users/Meth/Documents/Unreal Projects/MyProject 4.21/Saved/Config/Windows/Scalability.ini]
[2019.01.10-18.04.56:832][  0]LogConfig: Setting CVar [[r.PostProcessAAQuality:4]]
[2019.01.10-18.04.56:832][  0]LogConfig: Applying CVar settings from Section [ShadowQuality@3] File [C:/Users/Meth/Documents/Unreal Projects/MyProject 4.21/Saved/Config/Windows/Scalability.ini]
[2019.01.10-18.04.56:832][  0]LogConfig: Setting CVar [[r.LightFunctionQuality:1]]
[2019.01.10-18.04.56:832][  0]LogConfig: Setting CVar [[r.ShadowQuality:5]]
[2019.01.10-18.04.56:832][  0]LogConfig: Setting CVar [[r.Shadow.CSM.MaxCascades:10]]
[2019.01.10-18.04.56:832][  0]LogConfig: Setting CVar [[r.Shadow.MaxResolution:2048]]
[2019.01.10-18.04.56:832][  0]LogConfig: Setting CVar [[r.Shadow.MaxCSMResolution:2048]]
[2019.01.10-18.04.56:832][  0]LogConfig: Setting CVar [[r.Shadow.RadiusThreshold:0.01]]
[2019.01.10-18.04.56:832][  0]LogConfig: Setting CVar [[r.Shadow.DistanceScale:1.0]]
[2019.01.10-18.04.56:832][  0]LogConfig: Setting CVar [[r.Shadow.CSM.TransitionScale:1.0]]
[2019.01.10-18.04.56:832][  0]LogConfig: Setting CVar [[r.Shadow.PreShadowResolutionFactor:1.0]]
[2019.01.10-18.04.56:832][  0]LogConfig: Setting CVar [[r.DistanceFieldShadowing:1]]
[2019.01.10-18.04.56:832][  0]LogConfig: Setting CVar [[r.DistanceFieldAO:1]]
[2019.01.10-18.04.56:832][  0]LogConfig: Setting CVar [[r.AOQuality:2]]
[2019.01.10-18.04.56:832][  0]LogConfig: Setting CVar [[r.VolumetricFog:1]]
[2019.01.10-18.04.56:832][  0]LogConfig: Setting CVar [[r.VolumetricFog.GridPixelSize:8]]
[2019.01.10-18.04.56:832][  0]LogConfig: Setting CVar [[r.VolumetricFog.GridSizeZ:128]]
[2019.01.10-18.04.56:832][  0]LogConfig: Setting CVar [[r.VolumetricFog.HistoryMissSupersampleCount:4]]
[2019.01.10-18.04.56:832][  0]LogConfig: Setting CVar [[r.LightMaxDrawDistanceScale:1]]
[2019.01.10-18.04.56:832][  0]LogConfig: Setting CVar [[r.CapsuleShadows:1]]
[2019.01.10-18.04.56:832][  0]LogConfig: Applying CVar settings from Section [PostProcessQuality@3] File [C:/Users/Meth/Documents/Unreal Projects/MyProject 4.21/Saved/Config/Windows/Scalability.ini]
[2019.01.10-18.04.56:832][  0]LogConfig: Setting CVar [[r.MotionBlurQuality:4]]
[2019.01.10-18.04.56:832][  0]LogConfig: Setting CVar [[r.AmbientOcclusionMipLevelFactor:0.4]]
[2019.01.10-18.04.56:832][  0]LogConfig: Setting CVar [[r.AmbientOcclusionMaxQuality:100]]
[2019.01.10-18.04.56:832][  0]LogConfig: Setting CVar [[r.AmbientOcclusionLevels:-1]]
[2019.01.10-18.04.56:832][  0]LogConfig: Setting CVar [[r.AmbientOcclusionRadiusScale:1.0]]
[2019.01.10-18.04.56:832][  0]LogConfig: Setting CVar [[r.DepthOfFieldQuality:2]]
[2019.01.10-18.04.56:832][  0]LogConfig: Setting CVar [[r.RenderTargetPoolMin:400]]
[2019.01.10-18.04.56:832][  0]LogConfig: Setting CVar [[r.LensFlareQuality:2]]
[2019.01.10-18.04.56:832][  0]LogConfig: Setting CVar [[r.SceneColorFringeQuality:1]]
[2019.01.10-18.04.56:832][  0]LogConfig: Setting CVar [[r.EyeAdaptationQuality:2]]
[2019.01.10-18.04.56:832][  0]LogConfig: Setting CVar [[r.BloomQuality:5]]
[2019.01.10-18.04.56:832][  0]LogConfig: Setting CVar [[r.FastBlurThreshold:100]]
[2019.01.10-18.04.56:832][  0]LogConfig: Setting CVar [[r.Upscale.Quality:3]]
[2019.01.10-18.04.56:832][  0]LogConfig: Setting CVar [[r.Tonemapper.GrainQuantization:1]]
[2019.01.10-18.04.56:832][  0]LogConfig: Setting CVar [[r.LightShaftQuality:1]]
[2019.01.10-18.04.56:832][  0]LogConfig: Setting CVar [[r.Filter.SizeScale:1]]
[2019.01.10-18.04.56:832][  0]LogConfig: Setting CVar [[r.Tonemapper.Quality:5]]
[2019.01.10-18.04.56:832][  0]LogConfig: Setting CVar [[r.DOF.Gather.AccumulatorQuality:1        ; higher gathering accumulator quality]]
[2019.01.10-18.04.56:833][  0]LogConfig: Setting CVar [[r.DOF.Gather.PostfilterMethod:1          ; Median3x3 postfilering method]]
[2019.01.10-18.04.56:833][  0]LogConfig: Setting CVar [[r.DOF.Gather.EnableBokehSettings:0       ; no bokeh simulation when gathering]]
[2019.01.10-18.04.56:833][  0]LogConfig: Setting CVar [[r.DOF.Gather.RingCount:4                 ; medium number of samples when gathering]]
[2019.01.10-18.04.56:833][  0]LogConfig: Setting CVar [[r.DOF.Scatter.ForegroundCompositing:1    ; additive foreground scattering]]
[2019.01.10-18.04.56:833][  0]LogConfig: Setting CVar [[r.DOF.Scatter.BackgroundCompositing:2    ; additive background scattering]]
[2019.01.10-18.04.56:833][  0]LogConfig: Setting CVar [[r.DOF.Scatter.EnableBokehSettings:1      ; bokeh simulation when scattering]]
[2019.01.10-18.04.56:833][  0]LogConfig: Setting CVar [[r.DOF.Scatter.MaxSpriteRatio:0.1         ; only a maximum of 10% of scattered bokeh]]
[2019.01.10-18.04.56:833][  0]LogConfig: Setting CVar [[r.DOF.Recombine.Quality:1                ; cheap slight out of focus]]
[2019.01.10-18.04.56:833][  0]LogConfig: Setting CVar [[r.DOF.Recombine.EnableBokehSettings:0    ; no bokeh simulation on slight out of focus]]
[2019.01.10-18.04.56:833][  0]LogConfig: Setting CVar [[r.DOF.TemporalAAQuality:1                ; more stable temporal accumulation]]
[2019.01.10-18.04.56:833][  0]LogConfig: Setting CVar [[r.DOF.Kernel.MaxForegroundRadius:0.025]]
[2019.01.10-18.04.56:833][  0]LogConfig: Setting CVar [[r.DOF.Kernel.MaxBackgroundRadius:0.025]]
[2019.01.10-18.04.56:833][  0]LogConfig: Applying CVar settings from Section [TextureQuality@3] File [C:/Users/Meth/Documents/Unreal Projects/MyProject 4.21/Saved/Config/Windows/Scalability.ini]
[2019.01.10-18.04.56:833][  0]LogConfig: Setting CVar [[r.Streaming.MipBias:0]]
[2019.01.10-18.04.56:833][  0]LogConfig: Setting CVar [[r.Streaming.AmortizeCPUToGPUCopy:0]]
[2019.01.10-18.04.56:833][  0]LogConfig: Setting CVar [[r.Streaming.MaxNumTexturesToStreamPerFrame:0]]
[2019.01.10-18.04.56:833][  0]LogConfig: Setting CVar [[r.Streaming.Boost:1]]
[2019.01.10-18.04.56:833][  0]LogConfig: Setting CVar [[r.MaxAnisotropy:8]]
[2019.01.10-18.04.56:833][  0]LogConfig: Setting CVar [[r.Streaming.LimitPoolSizeToVRAM:0]]
[2019.01.10-18.04.56:833][  0]LogConfig: Setting CVar [[r.Streaming.PoolSize:1000]]
[2019.01.10-18.04.56:833][  0]LogConfig: Setting CVar [[r.Streaming.MaxEffectiveScreenSize:0]]
[2019.01.10-18.04.56:833][  0]LogConfig: Applying CVar settings from Section [EffectsQuality@3] File [C:/Users/Meth/Documents/Unreal Projects/MyProject 4.21/Saved/Config/Windows/Scalability.ini]
[2019.01.10-18.04.56:833][  0]LogConfig: Setting CVar [[r.TranslucencyLightingVolumeDim:64]]
[2019.01.10-18.04.56:833][  0]LogConfig: Setting CVar [[r.RefractionQuality:2]]
[2019.01.10-18.04.56:833][  0]LogConfig: Setting CVar [[r.SSR.Quality:3]]
[2019.01.10-18.04.56:833][  0]LogConfig: Setting CVar [[r.SceneColorFormat:4]]
[2019.01.10-18.04.56:833][  0]LogConfig: Setting CVar [[r.DetailMode:2]]
[2019.01.10-18.04.56:833][  0]LogConfig: Setting CVar [[r.TranslucencyVolumeBlur:1]]
[2019.01.10-18.04.56:833][  0]LogConfig: Setting CVar [[r.MaterialQualityLevel:1 ; High quality]]
[2019.01.10-18.04.56:833][  0]LogConfig: Setting CVar [[r.SSS.Scale:1]]
[2019.01.10-18.04.56:833][  0]LogConfig: Setting CVar [[r.SSS.SampleSet:2]]
[2019.01.10-18.04.56:833][  0]LogConfig: Setting CVar [[r.SSS.Quality:1]]
[2019.01.10-18.04.56:833][  0]LogConfig: Setting CVar [[r.SSS.HalfRes:1]]
[2019.01.10-18.04.56:833][  0]LogConfig: Setting CVar [[r.EmitterSpawnRateScale:1.0]]
[2019.01.10-18.04.56:833][  0]LogConfig: Setting CVar [[r.ParticleLightQuality:2]]
[2019.01.10-18.04.56:833][  0]LogConfig: Applying CVar settings from Section [FoliageQuality@3] File [C:/Users/Meth/Documents/Unreal Projects/MyProject 4.21/Saved/Config/Windows/Scalability.ini]
[2019.01.10-18.04.56:833][  0]LogConfig: Setting CVar [[foliage.DensityScale:1.0]]
[2019.01.10-18.04.56:833][  0]LogConfig: Setting CVar [[grass.DensityScale:1.0]]
[2019.01.10-18.04.56:833][  0]LogInit: Selected Device Profile: [Windows]
[2019.01.10-18.04.56:833][  0]LogInit: Applying CVar settings loaded from the selected device profile: [Windows]
[2019.01.10-18.04.56:841][  0]LogHAL: Display: Platform has ~ 8 GB [8552132608 / 8589934592 / 8], which maps to Default [LargestMinGB=32, LargerMinGB=12, DefaultMinGB=8, SmallerMinGB=6, SmallestMinGB=0)
[2019.01.10-18.04.56:841][  0]LogConfig: Setting CVar [[r.Vulkan.UseRealUBs:1]]
[2019.01.10-18.04.56:841][  0]LogInit: Going up to parent DeviceProfile []
[2019.01.10-18.04.56:841][  0]LogConfig: Applying CVar settings from Section [ViewDistanceQuality@3] File [C:/Users/Meth/Documents/Unreal Projects/MyProject 4.21/Saved/Config/Windows/Scalability.ini]
[2019.01.10-18.04.56:841][  0]LogConfig: Setting CVar [[r.SkeletalMeshLODBias:0]]
[2019.01.10-18.04.56:841][  0]LogConfig: Setting CVar [[r.ViewDistanceScale:1.0]]
[2019.01.10-18.04.56:841][  0]LogConfig: Applying CVar settings from Section [AntiAliasingQuality@3] File [C:/Users/Meth/Documents/Unreal Projects/MyProject 4.21/Saved/Config/Windows/Scalability.ini]
[2019.01.10-18.04.56:841][  0]LogConfig: Setting CVar [[r.PostProcessAAQuality:4]]
[2019.01.10-18.04.56:841][  0]LogConfig: Applying CVar settings from Section [ShadowQuality@3] File [C:/Users/Meth/Documents/Unreal Projects/MyProject 4.21/Saved/Config/Windows/Scalability.ini]
[2019.01.10-18.04.56:841][  0]LogConfig: Setting CVar [[r.LightFunctionQuality:1]]
[2019.01.10-18.04.56:841][  0]LogConfig: Setting CVar [[r.ShadowQuality:5]]
[2019.01.10-18.04.56:841][  0]LogConfig: Setting CVar [[r.Shadow.CSM.MaxCascades:10]]
[2019.01.10-18.04.56:841][  0]LogConfig: Setting CVar [[r.Shadow.MaxResolution:2048]]
[2019.01.10-18.04.56:841][  0]LogConfig: Setting CVar [[r.Shadow.MaxCSMResolution:2048]]
[2019.01.10-18.04.56:841][  0]LogConfig: Setting CVar [[r.Shadow.RadiusThreshold:0.01]]
[2019.01.10-18.04.56:841][  0]LogConfig: Setting CVar [[r.Shadow.DistanceScale:1.0]]
[2019.01.10-18.04.56:841][  0]LogConfig: Setting CVar [[r.Shadow.CSM.TransitionScale:1.0]]
[2019.01.10-18.04.56:841][  0]LogConfig: Setting CVar [[r.Shadow.PreShadowResolutionFactor:1.0]]
[2019.01.10-18.04.56:841][  0]LogConfig: Setting CVar [[r.DistanceFieldShadowing:1]]
[2019.01.10-18.04.56:841][  0]LogConfig: Setting CVar [[r.DistanceFieldAO:1]]
[2019.01.10-18.04.56:841][  0]LogConfig: Setting CVar [[r.AOQuality:2]]
[2019.01.10-18.04.56:841][  0]LogConfig: Setting CVar [[r.VolumetricFog:1]]
[2019.01.10-18.04.56:841][  0]LogConfig: Setting CVar [[r.VolumetricFog.GridPixelSize:8]]
[2019.01.10-18.04.56:841][  0]LogConfig: Setting CVar [[r.VolumetricFog.GridSizeZ:128]]
[2019.01.10-18.04.56:841][  0]LogConfig: Setting CVar [[r.VolumetricFog.HistoryMissSupersampleCount:4]]
[2019.01.10-18.04.56:841][  0]LogConfig: Setting CVar [[r.LightMaxDrawDistanceScale:1]]
[2019.01.10-18.04.56:841][  0]LogConfig: Setting CVar [[r.CapsuleShadows:1]]
[2019.01.10-18.04.56:841][  0]LogConfig: Applying CVar settings from Section [PostProcessQuality@3] File [C:/Users/Meth/Documents/Unreal Projects/MyProject 4.21/Saved/Config/Windows/Scalability.ini]
[2019.01.10-18.04.56:841][  0]LogConfig: Setting CVar [[r.MotionBlurQuality:4]]
[2019.01.10-18.04.56:841][  0]LogConfig: Setting CVar [[r.AmbientOcclusionMipLevelFactor:0.4]]
[2019.01.10-18.04.56:841][  0]LogConfig: Setting CVar [[r.AmbientOcclusionMaxQuality:100]]
[2019.01.10-18.04.56:841][  0]LogConfig: Setting CVar [[r.AmbientOcclusionLevels:-1]]
[2019.01.10-18.04.56:841][  0]LogConfig: Setting CVar [[r.AmbientOcclusionRadiusScale:1.0]]
[2019.01.10-18.04.56:842][  0]LogConfig: Setting CVar [[r.DepthOfFieldQuality:2]]
[2019.01.10-18.04.56:842][  0]LogConfig: Setting CVar [[r.RenderTargetPoolMin:400]]
[2019.01.10-18.04.56:842][  0]LogConfig: Setting CVar [[r.LensFlareQuality:2]]
[2019.01.10-18.04.56:842][  0]LogConfig: Setting CVar [[r.SceneColorFringeQuality:1]]
[2019.01.10-18.04.56:842][  0]LogConfig: Setting CVar [[r.EyeAdaptationQuality:2]]
[2019.01.10-18.04.56:842][  0]LogConfig: Setting CVar [[r.BloomQuality:5]]
[2019.01.10-18.04.56:842][  0]LogConfig: Setting CVar [[r.FastBlurThreshold:100]]
[2019.01.10-18.04.56:842][  0]LogConfig: Setting CVar [[r.Upscale.Quality:3]]
[2019.01.10-18.04.56:842][  0]LogConfig: Setting CVar [[r.Tonemapper.GrainQuantization:1]]
[2019.01.10-18.04.56:842][  0]LogConfig: Setting CVar [[r.LightShaftQuality:1]]
[2019.01.10-18.04.56:842][  0]LogConfig: Setting CVar [[r.Filter.SizeScale:1]]
[2019.01.10-18.04.56:842][  0]LogConfig: Setting CVar [[r.Tonemapper.Quality:5]]
[2019.01.10-18.04.56:842][  0]LogConfig: Setting CVar [[r.DOF.Gather.AccumulatorQuality:1        ; higher gathering accumulator quality]]
[2019.01.10-18.04.56:842][  0]LogConfig: Setting CVar [[r.DOF.Gather.PostfilterMethod:1          ; Median3x3 postfilering method]]
[2019.01.10-18.04.56:842][  0]LogConfig: Setting CVar [[r.DOF.Gather.EnableBokehSettings:0       ; no bokeh simulation when gathering]]
[2019.01.10-18.04.56:842][  0]LogConfig: Setting CVar [[r.DOF.Gather.RingCount:4                 ; medium number of samples when gathering]]
[2019.01.10-18.04.56:842][  0]LogConfig: Setting CVar [[r.DOF.Scatter.ForegroundCompositing:1    ; additive foreground scattering]]
[2019.01.10-18.04.56:842][  0]LogConfig: Setting CVar [[r.DOF.Scatter.BackgroundCompositing:2    ; additive background scattering]]
[2019.01.10-18.04.56:842][  0]LogConfig: Setting CVar [[r.DOF.Scatter.EnableBokehSettings:1      ; bokeh simulation when scattering]]
[2019.01.10-18.04.56:842][  0]LogConfig: Setting CVar [[r.DOF.Scatter.MaxSpriteRatio:0.1         ; only a maximum of 10% of scattered bokeh]]
[2019.01.10-18.04.56:842][  0]LogConfig: Setting CVar [[r.DOF.Recombine.Quality:1                ; cheap slight out of focus]]
[2019.01.10-18.04.56:842][  0]LogConfig: Setting CVar [[r.DOF.Recombine.EnableBokehSettings:0    ; no bokeh simulation on slight out of focus]]
[2019.01.10-18.04.56:842][  0]LogConfig: Setting CVar [[r.DOF.TemporalAAQuality:1                ; more stable temporal accumulation]]
[2019.01.10-18.04.56:842][  0]LogConfig: Setting CVar [[r.DOF.Kernel.MaxForegroundRadius:0.025]]
[2019.01.10-18.04.56:842][  0]LogConfig: Setting CVar [[r.DOF.Kernel.MaxBackgroundRadius:0.025]]
[2019.01.10-18.04.56:842][  0]LogConfig: Applying CVar settings from Section [TextureQuality@3] File [C:/Users/Meth/Documents/Unreal Projects/MyProject 4.21/Saved/Config/Windows/Scalability.ini]
[2019.01.10-18.04.56:842][  0]LogConfig: Setting CVar [[r.Streaming.MipBias:0]]
[2019.01.10-18.04.56:842][  0]LogConfig: Setting CVar [[r.Streaming.AmortizeCPUToGPUCopy:0]]
[2019.01.10-18.04.56:842][  0]LogConfig: Setting CVar [[r.Streaming.MaxNumTexturesToStreamPerFrame:0]]
[2019.01.10-18.04.56:842][  0]LogConfig: Setting CVar [[r.Streaming.Boost:1]]
[2019.01.10-18.04.56:842][  0]LogConfig: Setting CVar [[r.MaxAnisotropy:8]]
[2019.01.10-18.04.56:842][  0]LogConfig: Setting CVar [[r.Streaming.LimitPoolSizeToVRAM:0]]
[2019.01.10-18.04.56:842][  0]LogConfig: Setting CVar [[r.Streaming.PoolSize:1000]]
[2019.01.10-18.04.56:842][  0]LogConfig: Setting CVar [[r.Streaming.MaxEffectiveScreenSize:0]]
[2019.01.10-18.04.56:842][  0]LogConfig: Applying CVar settings from Section [EffectsQuality@3] File [C:/Users/Meth/Documents/Unreal Projects/MyProject 4.21/Saved/Config/Windows/Scalability.ini]
[2019.01.10-18.04.56:842][  0]LogConfig: Setting CVar [[r.TranslucencyLightingVolumeDim:64]]
[2019.01.10-18.04.56:842][  0]LogConfig: Setting CVar [[r.RefractionQuality:2]]
[2019.01.10-18.04.56:842][  0]LogConfig: Setting CVar [[r.SSR.Quality:3]]
[2019.01.10-18.04.56:842][  0]LogConfig: Setting CVar [[r.SceneColorFormat:4]]
[2019.01.10-18.04.56:842][  0]LogConfig: Setting CVar [[r.DetailMode:2]]
[2019.01.10-18.04.56:842][  0]LogConfig: Setting CVar [[r.TranslucencyVolumeBlur:1]]
[2019.01.10-18.04.56:842][  0]LogConfig: Setting CVar [[r.MaterialQualityLevel:1 ; High quality]]
[2019.01.10-18.04.56:842][  0]LogConfig: Setting CVar [[r.SSS.Scale:1]]
[2019.01.10-18.04.56:842][  0]LogConfig: Setting CVar [[r.SSS.SampleSet:2]]
[2019.01.10-18.04.56:842][  0]LogConfig: Setting CVar [[r.SSS.Quality:1]]
[2019.01.10-18.04.56:842][  0]LogConfig: Setting CVar [[r.SSS.HalfRes:1]]
[2019.01.10-18.04.56:842][  0]LogConfig: Setting CVar [[r.EmitterSpawnRateScale:1.0]]
[2019.01.10-18.04.56:842][  0]LogConfig: Setting CVar [[r.ParticleLightQuality:2]]
[2019.01.10-18.04.56:842][  0]LogConfig: Applying CVar settings from Section [FoliageQuality@3] File [C:/Users/Meth/Documents/Unreal Projects/MyProject 4.21/Saved/Config/Windows/Scalability.ini]
[2019.01.10-18.04.56:842][  0]LogConfig: Setting CVar [[foliage.DensityScale:1.0]]
[2019.01.10-18.04.56:842][  0]LogConfig: Setting CVar [[grass.DensityScale:1.0]]
[2019.01.10-18.04.56:842][  0]LogConfig: Applying CVar settings from Section [Startup] File [../../../Engine/Config/ConsoleVariables.ini]
[2019.01.10-18.04.56:842][  0]LogConfig: Setting CVar [[net.UseAdaptiveNetUpdateFrequency:0]]
[2019.01.10-18.04.56:842][  0]LogConfig: Applying CVar settings from Section [ConsoleVariables] File [C:/Users/Meth/Documents/Unreal Projects/MyProject 4.21/Saved/Config/Windows/Engine.ini]
[2019.01.10-18.04.56:843][  0]LogInit: Computer: METH-PC
[2019.01.10-18.04.56:843][  0]LogInit: User: Meth
[2019.01.10-18.04.56:843][  0]LogInit: CPU Page size=4096, Cores=4
[2019.01.10-18.04.56:843][  0]LogInit: High frequency timer resolution =3.312841 MHz
[2019.01.10-18.04.56:843][  0]LogMemory: Memory total: Physical=8.0GB (8GB approx)
[2019.01.10-18.04.56:843][  0]LogMemory: Platform Memory Stats for Windows
[2019.01.10-18.04.56:843][  0]LogMemory: Process Physical Memory: 102.58 MB used, 102.58 MB peak
[2019.01.10-18.04.56:843][  0]LogMemory: Process Virtual Memory: 86.51 MB used, 86.51 MB peak
[2019.01.10-18.04.56:843][  0]LogMemory: Physical Memory: 4895.84 MB used,  3260.11 MB free, 8155.95 MB total
[2019.01.10-18.04.56:843][  0]LogMemory: Virtual Memory: 481.36 MB used,  8388126.50 MB free, 8388608.00 MB total
[2019.01.10-18.04.56:862][  0]LogInit: Using OS detected language (en-GB).
[2019.01.10-18.04.56:862][  0]LogInit: Using OS detected locale (en-GB).
[2019.01.10-18.04.56:863][  0]LogTextLocalizationManager: No specific localization for 'en-GB' exists, so the 'en' localization will be used.
[2019.01.10-18.04.57:234][  0]LogStreaming: Display: Took  0.371s to InitEngineTextLocalization.
[2019.01.10-18.04.57:234][  0]LogWindows: Failed to load 'shcore.dll' (GetLastError=126)
[2019.01.10-18.04.57:234][  0]LogWindows: File 'shcore.dll' does not exist
[2019.01.10-18.04.57:234][  0]LogInit: Setting process to DPI aware
[2019.01.10-18.04.57:255][  0]LogSlate: New Slate User Created.  User Index 0, Is Virtual User: 0
[2019.01.10-18.04.57:255][  0]LogSlate: Slate User Registered.  User Index 0, Is Virtual User: 0
[2019.01.10-18.04.57:410][  0]LogHMD: Failed to initialize OpenVR with code 110
[2019.01.10-18.04.57:410][  0]LogD3D11RHI: D3D11 adapters:
[2019.01.10-18.04.57:443][  0]LogD3D11RHI:    0. 'NVIDIA GeForce GTX 1070 Ti' (Feature Level 11_0)
[2019.01.10-18.04.57:443][  0]LogD3D11RHI:       8077/0/3821 MB DedicatedVideo/DedicatedSystem/SharedSystem, Outputs:1, VendorId:0x10de
[2019.01.10-18.04.57:443][  0]LogD3D11RHI: Chosen D3D11 Adapter: 0
[2019.01.10-18.04.57:448][  0]LogD3D11RHI: Creating new Direct3DDevice
[2019.01.10-18.04.57:449][  0]LogD3D11RHI:     GPU DeviceId: 0x1b82 (for the marketing name, search the web for "GPU Device Id")
[2019.01.10-18.04.57:449][  0]LogWindows: EnumDisplayDevices:
[2019.01.10-18.04.57:449][  0]LogWindows:    0. 'NVIDIA GeForce GTX 1070 Ti' (P:1 D:1)
[2019.01.10-18.04.57:450][  0]LogWindows:    1. 'NVIDIA GeForce GTX 1070 Ti' (P:0 D:0)
[2019.01.10-18.04.57:450][  0]LogWindows:    2. 'NVIDIA GeForce GTX 1070 Ti' (P:0 D:0)
[2019.01.10-18.04.57:450][  0]LogWindows:    3. 'NVIDIA GeForce GTX 1070 Ti' (P:0 D:0)
[2019.01.10-18.04.57:450][  0]LogWindows:    4. 'RDPDD Chained DD' (P:0 D:0)
[2019.01.10-18.04.57:451][  0]LogWindows:    5. 'RDP Encoder Mirror Driver' (P:0 D:0)
[2019.01.10-18.04.57:451][  0]LogWindows:    6. 'RDP Reflector Display Driver' (P:0 D:0)
[2019.01.10-18.04.57:451][  0]LogWindows: DebugString: GetVideoDriverDetailsInvalid PrimaryIsNotTheChoosenAdapter GetVideoDriverDetailsInvalid PrimaryIsNotTheChoosenAdapter GetVideoDriverDetailsInvalid PrimaryIsNotTheChoosenAdapter FoundDriverCount:4 
[2019.01.10-18.04.57:451][  0]LogD3D11RHI:     Adapter Name: NVIDIA GeForce GTX 1070 Ti
[2019.01.10-18.04.57:451][  0]LogD3D11RHI:   Driver Version: 417.35 (internal:25.21.14.1735, unified:417.35)
[2019.01.10-18.04.57:451][  0]LogD3D11RHI:      Driver Date: 12-11-2018
[2019.01.10-18.04.57:451][  0]LogRHI: Texture pool is 5654 MB (70% of 8077 MB)
[2019.01.10-18.04.57:470][  0]LogD3D11RHI: Async texture creation enabled
[2019.01.10-18.04.57:486][  0]LogD3D11RHI: GPU Timing Frequency: 1000.000000 (Debug: 2 2)
[2019.01.10-18.04.57:697][  0]LogTemp: Display: Loaded TP AllDesktopTargetPlatform
[2019.01.10-18.04.57:711][  0]LogTemp: Display: Loaded TP MacClientTargetPlatform
[2019.01.10-18.04.57:725][  0]LogTemp: Display: Loaded TP MacNoEditorTargetPlatform
[2019.01.10-18.04.57:739][  0]LogTemp: Display: Loaded TP MacServerTargetPlatform
[2019.01.10-18.04.57:753][  0]LogTemp: Display: Loaded TP MacTargetPlatform
[2019.01.10-18.04.57:768][  0]LogTemp: Display: Loaded TP WindowsClientTargetPlatform
[2019.01.10-18.04.57:782][  0]LogTemp: Display: Loaded TP WindowsNoEditorTargetPlatform
[2019.01.10-18.04.57:796][  0]LogTemp: Display: Loaded TP WindowsServerTargetPlatform
[2019.01.10-18.04.57:803][  0]LogTemp: Display: Loaded TP WindowsTargetPlatform
[2019.01.10-18.04.57:888][  0]LogTemp: Display: Loaded TP AndroidTargetPlatform
[2019.01.10-18.04.57:888][  0]LogTemp: Display: Loaded TP AndroidTargetPlatform
[2019.01.10-18.04.57:888][  0]LogTemp: Display: Loaded TP AndroidTargetPlatform
[2019.01.10-18.04.57:888][  0]LogTemp: Display: Loaded TP AndroidTargetPlatform
[2019.01.10-18.04.57:888][  0]LogTemp: Display: Loaded TP AndroidTargetPlatform
[2019.01.10-18.04.57:888][  0]LogTemp: Display: Loaded TP AndroidTargetPlatform
[2019.01.10-18.04.57:888][  0]LogTemp: Display: Loaded TP AndroidTargetPlatform
[2019.01.10-18.04.57:888][  0]LogTemp: Display: Loaded TP AndroidTargetPlatform
[2019.01.10-18.04.57:888][  0]LogTemp: Display: Loaded TP AndroidTargetPlatform
[2019.01.10-18.04.57:888][  0]LogTemp: Display: Loaded TP AndroidTargetPlatform
[2019.01.10-18.04.57:888][  0]LogTemp: Display: Loaded TP AndroidTargetPlatform
[2019.01.10-18.04.57:889][  0]LogTemp: Display: Loaded TP AndroidTargetPlatform
[2019.01.10-18.04.57:889][  0]LogTemp: Display: Loaded TP AndroidTargetPlatform
[2019.01.10-18.04.57:889][  0]LogTemp: Display: Loaded TP AndroidTargetPlatform
[2019.01.10-18.04.57:889][  0]LogTemp: Display: Loaded TP AndroidTargetPlatform
[2019.01.10-18.04.57:889][  0]LogTemp: Display: Loaded TP AndroidTargetPlatform
[2019.01.10-18.04.57:889][  0]LogTemp: Display: Loaded TP AndroidTargetPlatform
[2019.01.10-18.04.57:889][  0]LogTemp: Display: Loaded TP AndroidTargetPlatform
[2019.01.10-18.04.57:890][  0]LogTemp: Display: Loaded TP HTML5TargetPlatform
[2019.01.10-18.04.57:948][  0]LogTemp: Display: Loaded TP IOSTargetPlatform
[2019.01.10-18.04.57:948][  0]LogTemp: Display: Loaded TP IOSTargetPlatform
[2019.01.10-18.04.57:975][  0]LogTemp: Display: Loaded TP TVOSTargetPlatform
[2019.01.10-18.04.57:975][  0]LogTemp: Display: Loaded TP TVOSTargetPlatform
[2019.01.10-18.04.57:987][  0]LogTemp: Display: Loaded TP LinuxClientTargetPlatform
[2019.01.10-18.04.58:001][  0]LogTemp: Display: Loaded TP LinuxNoEditorTargetPlatform
[2019.01.10-18.04.58:014][  0]LogTemp: Display: Loaded TP LinuxServerTargetPlatform
[2019.01.10-18.04.58:028][  0]LogTemp: Display: Loaded TP LinuxTargetPlatform
[2019.01.10-18.04.58:078][  0]LogTemp: Display: Loaded TP LuminTargetPlatform
[2019.01.10-18.04.58:078][  0]LogTemp: Display: Loaded TP LuminTargetPlatform
[2019.01.10-18.04.58:078][  0]LogTargetPlatformManager: Display: Building Assets For Windows
[2019.01.10-18.04.58:119][  0]LogShaderCompilers: Guid format shader working directory is -24 characters bigger than the processId version (../../../../../../Users/Meth/Documents/Unreal Projects/MyProject 4.21/Intermediate/Shaders/WorkingDirectory/8312/).
[2019.01.10-18.04.58:119][  0]LogShaderCompilers: Cleaned the shader compiler working directory 'C:/Users/Meth/AppData/Local/Temp/UnrealShaderWorkingDir/0176D007471515482FD393B5ED3DB3DA/'.
[2019.01.10-18.04.58:120][  0]LogXGEController: Cannot use XGE Controller as Incredibuild is not installed on this machine.
[2019.01.10-18.04.58:120][  0]LogShaderCompilers: Cannot use XGE Shader Compiler as Incredibuild is not installed on this machine.
[2019.01.10-18.04.58:120][  0]LogShaderCompilers: Display: Using Local Shader Compiler.
[2019.01.10-18.04.58:691][  0]LogDerivedDataCache: Display: Max Cache Size: 512 MB
[2019.01.10-18.04.58:760][  0]LogDerivedDataCache: Loaded boot cache 0.07s 86MB C:/Users/Meth/AppData/Local/UnrealEngine/4.21/DerivedDataCache/Boot.ddc.
[2019.01.10-18.04.58:760][  0]LogDerivedDataCache: Display: Loaded Boot cache: C:/Users/Meth/AppData/Local/UnrealEngine/4.21/DerivedDataCache/Boot.ddc
[2019.01.10-18.04.58:760][  0]LogDerivedDataCache: FDerivedDataBackendGraph:  Pak pak cache file ../../../../../../Users/Meth/Documents/Unreal Projects/MyProject 4.21/DerivedDataCache/DDC.ddp not found, will not use a pak cache.
[2019.01.10-18.04.58:760][  0]LogDerivedDataCache: Unable to find inner node Pak for hierarchical cache Hierarchy.
[2019.01.10-18.04.58:760][  0]LogDerivedDataCache: FDerivedDataBackendGraph:  CompressedPak pak cache file ../../../../../../Users/Meth/Documents/Unreal Projects/MyProject 4.21/DerivedDataCache/Compressed.ddp not found, will not use a pak cache.
[2019.01.10-18.04.58:760][  0]LogDerivedDataCache: Unable to find inner node CompressedPak for hierarchical cache Hierarchy.
[2019.01.10-18.04.58:776][  0]LogDerivedDataCache: Display: Pak cache opened for reading ../../../Engine/DerivedDataCache/Compressed.ddp.
[2019.01.10-18.04.58:777][  0]LogDerivedDataCache: FDerivedDataBackendGraph:  EnterprisePak pak cache file ../../../Enterprise/DerivedDataCache/Compressed.ddp not found, will not use a pak cache.
[2019.01.10-18.04.58:777][  0]LogDerivedDataCache: Unable to find inner node EnterprisePak for hierarchical cache Hierarchy.
[2019.01.10-18.04.58:787][  0]LogDerivedDataCache: Using Local data cache path C:/Users/Meth/AppData/Local/UnrealEngine/Common/DerivedDataCache: Writable
[2019.01.10-18.04.58:787][  0]LogDerivedDataCache: Shared data cache path not found in *engine.ini, will not use an Shared cache.
[2019.01.10-18.04.58:787][  0]LogDerivedDataCache: Unable to find inner node Shared for hierarchical cache Hierarchy.
[2019.01.10-18.04.58:812][  0]LogMaterial: Verifying Global Shaders for PCD3D_SM5
[2019.01.10-18.04.58:813][  0]LogSlate: Using FreeType 2.6.0
[2019.01.10-18.04.58:813][  0]LogSlate: SlateFontServices - WITH_FREETYPE: 1, WITH_HARFBUZZ: 1
[2019.01.10-18.04.58:894][  0]LogAssetRegistry: FAssetRegistry took 0.0331 seconds to start up
[2019.01.10-18.04.59:272][  0]LogInit: Selected Device Profile: [Windows]
[2019.01.10-18.04.59:430][  0]LogSimplygon: Simplygon DLL not present - disabling.
[2019.01.10-18.04.59:432][  0]LogMeshReduction: Using SimplygonSwarm for distributed automatic mesh merging
[2019.01.10-18.04.59:432][  0]LogMeshReduction: Using ProxyLODMeshReduction for automatic mesh merging
[2019.01.10-18.04.59:432][  0]LogMeshReduction: Using QuadricMeshReduction for automatic static mesh reduction
[2019.01.10-18.04.59:432][  0]LogMeshReduction: No automatic skeletal mesh reduction module available
[2019.01.10-18.04.59:447][  0]LogNetVersion: MyProject 1.0.0, NetCL: 4541578, EngineNetVer: 5, GameNetVer: 0 (Checksum: 1637960414)
[2019.01.10-18.05.00:056][  0]LogPackageLocalizationCache: Processed 11 localized package path(s) for 2 prioritized culture(s) in 0.067317 seconds
[2019.01.10-18.05.00:063][  0]LogUObjectArray: 39775 objects as part of root set at end of initial load.
[2019.01.10-18.05.00:063][  0]LogUObjectAllocator: 6914656 out of 0 bytes used by permanent object pool.
[2019.01.10-18.05.00:063][  0]LogUObjectArray: CloseDisregardForGC: 0/0 objects in disregard for GC pool
[2019.01.10-18.05.00:842][  0]LogTcpMessaging: Initializing TcpMessaging bridge
[2019.01.10-18.05.00:854][  0]LogUdpMessaging: Initializing bridge on interface 0.0.0.0:0 to multicast group 230.0.0.1:6666.
[2019.01.10-18.05.01:482][  0]SourceControl: Source control is disabled
[2019.01.10-18.05.01:482][  0]SourceControl: Source control is disabled
[2019.01.10-18.05.01:483][  0]SourceControl: Source control is disabled
[2019.01.10-18.05.01:484][  0]SourceControl: Source control is disabled
[2019.01.10-18.05.01:629][  0]LogAndroidPermission: UAndroidPermissionCallbackProxy::GetInstance
[2019.01.10-18.05.02:138][  0]LogOcInput: OculusInput pre-init called
[2019.01.10-18.05.02:282][  0]LogEngine: Initializing Engine...
[2019.01.10-18.05.02:283][  0]LogHMD: Failed to initialize OpenVR with code 110
[2019.01.10-18.05.02:284][  0]LogStats: UGameplayTagsManager::ConstructGameplayTagTree: ImportINI prefixes -  0.000 s
[2019.01.10-18.05.02:284][  0]LogStats: UGameplayTagsManager::ConstructGameplayTagTree: Construct from data asset -  0.000 s
[2019.01.10-18.05.02:284][  0]LogStats: UGameplayTagsManager::ConstructGameplayTagTree: ImportINI -  0.000 s
[2019.01.10-18.05.02:284][  0]LogStats: UGameplayTagsManager::ConstructGameplayTagTree: GameplayTagTreeChangedEvent.Broadcast -  0.000 s
[2019.01.10-18.05.02:741][  0]LogInit: Initializing FReadOnlyCVARCache
[2019.01.10-18.05.02:749][  0]LogAIModule: Creating AISystem for world Untitled
[2019.01.10-18.05.02:756][  0]LogInit: XAudio2 using 'Speakers (Logitech G430 Gaming Headset)' : 2 channels at 44.1 kHz using 16 bits per sample (channel mask 0x3)
[2019.01.10-18.05.02:762][  0]LogInit: FAudioDevice initialized.
[2019.01.10-18.05.02:762][  0]LogNetVersion: Set ProjectVersion to 1.0.0.0. Version Checksum will be recalculated on next use.
[2019.01.10-18.05.03:135][  0]LogDerivedDataCache: Saved boot cache 0.37s 86MB C:/Users/Meth/AppData/Local/UnrealEngine/4.21/DerivedDataCache/Boot.ddc.
[2019.01.10-18.05.03:142][  0]LogInit: Texture streaming: Enabled
[2019.01.10-18.05.03:157][  0]LogEngineSessionManager: EngineSessionManager initialized
[2019.01.10-18.05.03:167][  0]LogInit: Transaction tracking system initialized
[2019.01.10-18.05.03:185][  0]BlueprintLog: New page: Editor Load
[2019.01.10-18.05.03:242][  0]LocalizationService: Localization service is disabled
[2019.01.10-18.05.03:858][  0]LogFileCache: Scanning file cache for directory 'C:/Users/Meth/Documents/Unreal Projects/MyProject 4.21/Content/' took 0.01s
[2019.01.10-18.05.03:858][  0]LogCook: Display: Max memory allowance for cook 16384mb min free memory 0mb
[2019.01.10-18.05.03:858][  0]LogCook: Display: Mobile HDR setting 1
[2019.01.10-18.05.03:858][  0]LogGameplayTags: Display: UGameplayTagsManager::DoneAddingNativeTags. DelegateIsBound: 0
[2019.01.10-18.05.03:858][  0]LogStats: UGameplayTagsManager::ConstructGameplayTagTree: ImportINI prefixes -  0.000 s
[2019.01.10-18.05.03:858][  0]LogStats: UGameplayTagsManager::ConstructGameplayTagTree: Construct from data asset -  0.000 s
[2019.01.10-18.05.03:858][  0]LogStats: UGameplayTagsManager::ConstructGameplayTagTree: ImportINI -  0.000 s
[2019.01.10-18.05.03:858][  0]LogStats: UGameplayTagsManager::ConstructGameplayTagTree: GameplayTagTreeChangedEvent.Broadcast -  0.000 s
[2019.01.10-18.05.03:960][  0]SourceControl: Source control is disabled
[2019.01.10-18.05.03:960][  0]Cmd: MAP LOAD FILE="../../../../../../Users/Meth/Documents/Unreal Projects/MyProject 4.21/Content/Map/Untitled.umap" TEMPLATE=0 SHOWPROGRESS=1 FEATURELEVEL=3
[2019.01.10-18.05.03:961][  0]LightingResults: New page: Lighting Build
[2019.01.10-18.05.03:963][  0]MapCheck: New page: Map Check
[2019.01.10-18.05.03:963][  0]LightingResults: New page: Lighting Build
[2019.01.10-18.05.04:500][  0]LogTexture: Display: Building textures: HQ_Lightmap0_10 (AutoDXT, 256X256)
[2019.01.10-18.05.04:500][  0]LogTexture: Display: Building textures: HQ_Lightmap0_1 (AutoDXT, 1024X1024)
[2019.01.10-18.05.04:500][  0]LogTexture: Display: Building textures: HQ_Lightmap0_11 (AutoDXT, 256X256)
[2019.01.10-18.05.04:500][  0]LogTexture: Display: Building textures: HQ_Lightmap0_12 (AutoDXT, 256X256)
[2019.01.10-18.05.04:500][  0]LogTexture: Display: Building textures: HQ_Lightmap0_13 (AutoDXT, 128X128)
[2019.01.10-18.05.04:500][  0]LogTexture: Display: Building textures: HQ_Lightmap0_14 (AutoDXT, 256X256)
[2019.01.10-18.05.04:500][  0]LogStaticMesh: Building static mesh Ropeswing...
[2019.01.10-18.05.04:507][  0]LogStaticMesh: Built static mesh [0.01s] /Game/ThirdPersonBP/Maps/LevelModular/Ropeswing.Ropeswing
[2019.01.10-18.05.04:510][  0]LogStaticMesh: Building static mesh RightTurn...
[2019.01.10-18.05.04:511][  0]LogStaticMesh: Built static mesh [0.00s] /Game/ThirdPersonBP/Maps/LevelModular/RightTurn.RightTurn
[2019.01.10-18.05.04:513][  0]LogStaticMesh: Building static mesh RightCorner...
[2019.01.10-18.05.04:514][  0]LogStaticMesh: Built static mesh [0.00s] /Game/ThirdPersonBP/Maps/LevelModular/RightCorner.RightCorner
[2019.01.10-18.05.04:515][  0]LogStaticMesh: Building static mesh PlatWide...
[2019.01.10-18.05.04:517][  0]LogStaticMesh: Built static mesh [0.00s] /Game/ThirdPersonBP/Maps/LevelModular/PlatWide.PlatWide
[2019.01.10-18.05.04:518][  0]LogStaticMesh: Building static mesh PlatSmall...
[2019.01.10-18.05.04:521][  0]LogStaticMesh: Built static mesh [0.00s] /Game/ThirdPersonBP/Maps/LevelModular/PlatSmall.PlatSmall
[2019.01.10-18.05.04:522][  0]LogStaticMesh: Building static mesh Mediumpillar...
[2019.01.10-18.05.04:525][  0]LogStaticMesh: Built static mesh [0.00s] /Game/ThirdPersonBP/Maps/LevelModular/Mediumpillar.Mediumpillar
[2019.01.10-18.05.04:526][  0]LogStaticMesh: Building static mesh LongWalk...
[2019.01.10-18.05.04:527][  0]LogStaticMesh: Built static mesh [0.00s] /Game/ThirdPersonBP/Maps/LevelModular/LongWalk.LongWalk
[2019.01.10-18.05.04:529][  0]LogStaticMesh: Building static mesh LargePillar...
[2019.01.10-18.05.04:531][  0]LogStaticMesh: Built static mesh [0.00s] /Game/ThirdPersonBP/Maps/LevelModular/LargePillar.LargePillar
[2019.01.10-18.05.04:532][  0]LogStaticMesh: Building static mesh DownRamp...
[2019.01.10-18.05.04:533][  0]LogStaticMesh: Built static mesh [0.00s] /Game/ThirdPersonBP/Maps/LevelModular/DownRamp.DownRamp
[2019.01.10-18.05.04:536][  0]LogMaterial: Display: Missing cached shader map for material 01_-_Default, compiling. 
[2019.01.10-18.05.04:606][  0]LogTexture: Display: Building textures: HQ_Lightmap0_15 (AutoDXT, 256X256)
[2019.01.10-18.05.04:606][  0]LogTexture: Display: Building textures: HQ_Lightmap0_16 (AutoDXT, 256X256)
[2019.01.10-18.05.04:606][  0]LogTexture: Display: Building textures: HQ_Lightmap0_17 (AutoDXT, 256X256)
[2019.01.10-18.05.04:606][  0]LogStaticMesh: Building static mesh BigPit...
[2019.01.10-18.05.04:607][  0]LogShaderCompilers: Display: Shaders left to compile 31
[2019.01.10-18.05.04:607][  0]LogShaderCompilers: Display: Shaders left to compile 21
[2019.01.10-18.05.04:607][  0]LogShaderCompilers: Display: Shaders left to compile 11
[2019.01.10-18.05.04:607][  0]LogStaticMesh: Built static mesh [0.00s] /Game/ThirdPersonBP/Maps/LevelModular/BigPit.BigPit
[2019.01.10-18.05.05:220][  0]LogTexture: Display: Building textures: HQ_Lightmap0_18 (AutoDXT, 256X256)
[2019.01.10-18.05.05:220][  0]LogTexture: Display: Building textures: HQ_Lightmap0_19 (AutoDXT, 256X256)
[2019.01.10-18.05.05:220][  0]LogTexture: Display: Building textures: HQ_Lightmap0_2 (AutoDXT, 512X512)
[2019.01.10-18.05.05:220][  0]LogTexture: Display: Building textures: HQ_Lightmap0_20 (AutoDXT, 128X128)
[2019.01.10-18.05.05:220][  0]LogTexture: Display: Building textures: HQ_Lightmap0_21 (AutoDXT, 128X128)
[2019.01.10-18.05.05:220][  0]LogTexture: Display: Building textures: HQ_Lightmap0_22 (AutoDXT, 128X128)
[2019.01.10-18.05.05:220][  0]LogTexture: Display: Building textures: HQ_Lightmap0_23 (AutoDXT, 128X128)
[2019.01.10-18.05.05:220][  0]LogTexture: Display: Building textures: HQ_Lightmap0_24 (AutoDXT, 128X128)
[2019.01.10-18.05.05:220][  0]LogTexture: Display: Building textures: HQ_Lightmap0_25 (AutoDXT, 64X64)
[2019.01.10-18.05.05:220][  0]LogTexture: Display: Building textures: HQ_Lightmap0_26 (AutoDXT, 64X64)
[2019.01.10-18.05.05:220][  0]LogTexture: Display: Building textures: HQ_Lightmap0_4 (AutoDXT, 256X256)
[2019.01.10-18.05.05:220][  0]LogTexture: Display: Building textures: HQ_Lightmap0_3 (AutoDXT, 512X512)
[2019.01.10-18.05.05:220][  0]LogTexture: Display: Building textures: HQ_Lightmap0_5 (AutoDXT, 256X256)
[2019.01.10-18.05.05:220][  0]LogTexture: Display: Building textures: HQ_Lightmap0_6 (AutoDXT, 256X256)
[2019.01.10-18.05.05:220][  0]LogTexture: Display: Building textures: HQ_Lightmap0_7 (AutoDXT, 256X256)
[2019.01.10-18.05.05:221][  0]LogTexture: Display: Building textures: HQ_Lightmap0_8 (AutoDXT, 256X256)
[2019.01.10-18.05.05:221][  0]LogTexture: Display: Building textures: HQ_Lightmap0_9 (AutoDXT, 256X256)
[2019.01.10-18.05.05:221][  0]LogTexture: Display: Building textures: LQ_Lightmap_0_1 (DXT1, 1024X1024)
[2019.01.10-18.05.06:284][  0]LogTexture: Display: Building textures: LQ_Lightmap_0_10 (DXT1, 256X256)
[2019.01.10-18.05.06:284][  0]LogTexture: Display: Building textures: LQ_Lightmap_0_11 (DXT1, 256X256)
[2019.01.10-18.05.06:284][  0]LogTexture: Display: Building textures: LQ_Lightmap_0_12 (DXT1, 256X256)
[2019.01.10-18.05.06:284][  0]LogTexture: Display: Building textures: LQ_Lightmap_0_13 (DXT1, 128X128)
[2019.01.10-18.05.06:284][  0]LogTexture: Display: Building textures: LQ_Lightmap_0_14 (DXT1, 256X256)
[2019.01.10-18.05.06:284][  0]LogTexture: Display: Building textures: LQ_Lightmap_0_15 (DXT1, 256X256)
[2019.01.10-18.05.06:284][  0]LogTexture: Display: Building textures: LQ_Lightmap_0_16 (DXT1, 256X256)
[2019.01.10-18.05.06:284][  0]LogTexture: Display: Building textures: LQ_Lightmap_0_17 (DXT1, 256X256)
[2019.01.10-18.05.06:284][  0]LogTexture: Display: Building textures: LQ_Lightmap_0_18 (DXT1, 256X256)
[2019.01.10-18.05.06:284][  0]LogTexture: Display: Building textures: LQ_Lightmap_0_19 (DXT1, 256X256)
[2019.01.10-18.05.06:284][  0]LogTexture: Display: Building textures: LQ_Lightmap_0_2 (DXT1, 512X512)
[2019.01.10-18.05.06:284][  0]LogTexture: Display: Building textures: LQ_Lightmap_0_20 (DXT1, 128X128)
[2019.01.10-18.05.06:284][  0]LogTexture: Display: Building textures: LQ_Lightmap_0_21 (DXT1, 128X128)
[2019.01.10-18.05.06:284][  0]LogTexture: Display: Building textures: LQ_Lightmap_0_22 (DXT1, 128X128)
[2019.01.10-18.05.06:284][  0]LogTexture: Display: Building textures: LQ_Lightmap_0_23 (DXT1, 128X128)
[2019.01.10-18.05.06:284][  0]LogTexture: Display: Building textures: LQ_Lightmap_0_24 (DXT1, 128X128)
[2019.01.10-18.05.06:284][  0]LogTexture: Display: Building textures: LQ_Lightmap_0_25 (DXT1, 64X64)
[2019.01.10-18.05.06:284][  0]LogTexture: Display: Building textures: LQ_Lightmap_0_26 (DXT1, 64X64)
[2019.01.10-18.05.06:284][  0]LogTexture: Display: Building textures: LQ_Lightmap_0_3 (DXT1, 512X512)
[2019.01.10-18.05.06:284][  0]LogTexture: Display: Building textures: LQ_Lightmap_0_4 (DXT1, 256X256)
[2019.01.10-18.05.06:284][  0]LogTexture: Display: Building textures: LQ_Lightmap_0_5 (DXT1, 256X256)
[2019.01.10-18.05.06:284][  0]LogTexture: Display: Building textures: LQ_Lightmap_0_6 (DXT1, 256X256)
[2019.01.10-18.05.06:285][  0]LogTexture: Display: Building textures: LQ_Lightmap_0_7 (DXT1, 256X256)
[2019.01.10-18.05.06:285][  0]LogTexture: Display: Building textures: LQ_Lightmap_0_8 (DXT1, 256X256)
[2019.01.10-18.05.06:285][  0]LogTexture: Display: Building textures: LQ_Lightmap_0_9 (DXT1, 256X256)
[2019.01.10-18.05.06:285][  0]LogTexture: Display: Building textures: ShadowMapTexture2D_74 (BGRA8, 1024X256)
[2019.01.10-18.05.06:285][  0]LogTexture: Display: Building textures: ShadowMapTexture2D_75 (G8, 1024X128)
[2019.01.10-18.05.06:285][  0]LogTexture: Display: Building textures: ShadowMapTexture2D_76 (G8, 1024X128)
[2019.01.10-18.05.06:285][  0]LogTexture: Display: Building textures: ShadowMapTexture2D_77 (G8, 256X64)
[2019.01.10-18.05.06:285][  0]LogTexture: Display: Building textures: ShadowMapTexture2D_78 (G8, 256X64)
[2019.01.10-18.05.06:285][  0]LogTexture: Display: Building textures: ShadowMapTexture2D_79 (G8, 256X64)
[2019.01.10-18.05.06:285][  0]LogTexture: Display: Building textures: ShadowMapTexture2D_80 (G8, 256X64)
[2019.01.10-18.05.06:285][  0]LogTexture: Display: Building textures: ShadowMapTexture2D_81 (G8, 256X64)
[2019.01.10-18.05.06:285][  0]LogTexture: Display: Building textures: ShadowMapTexture2D_82 (G8, 256X64)
[2019.01.10-18.05.06:285][  0]LogTexture: Display: Building textures: ShadowMapTexture2D_83 (G8, 256X64)
[2019.01.10-18.05.06:285][  0]LogTexture: Display: Building textures: ShadowMapTexture2D_84 (G8, 256X64)
[2019.01.10-18.05.06:285][  0]LogTexture: Display: Building textures: ShadowMapTexture2D_85 (G8, 256X64)
[2019.01.10-18.05.06:285][  0]LogTexture: Display: Building textures: ShadowMapTexture2D_87 (G8, 256X64)
[2019.01.10-18.05.06:285][  0]LogTexture: Display: Building textures: ShadowMapTexture2D_88 (G8, 256X64)
[2019.01.10-18.05.06:285][  0]LogTexture: Display: Building textures: ShadowMapTexture2D_89 (G8, 256X64)
[2019.01.10-18.05.06:285][  0]LogTexture: Display: Building textures: ShadowMapTexture2D_90 (G8, 256X64)
[2019.01.10-18.05.06:285][  0]LogTexture: Display: Building textures: ShadowMapTexture2D_91 (G8, 256X64)
[2019.01.10-18.05.06:285][  0]LogTexture: Display: Building textures: ShadowMapTexture2D_92 (G8, 256X64)
[2019.01.10-18.05.06:285][  0]LogTexture: Display: Building textures: ShadowMapTexture2D_93 (G8, 128X64)
[2019.01.10-18.05.06:285][  0]LogTexture: Display: Building textures: ShadowMapTexture2D_86 (G8, 128X64)
[2019.01.10-18.05.06:285][  0]LogTexture: Display: Building textures: ShadowMapTexture2D_94 (G8, 128X64)
[2019.01.10-18.05.06:285][  0]LogTexture: Display: Building textures: ShadowMapTexture2D_95 (G8, 128X64)
[2019.01.10-18.05.06:285][  0]LogTexture: Display: Building textures: ShadowMapTexture2D_96 (G8, 128X64)
[2019.01.10-18.05.06:285][  0]LogTexture: Display: Building textures: ShadowMapTexture2D_97 (G8, 128X64)
[2019.01.10-18.05.06:285][  0]LogTexture: Display: Building textures: ShadowMapTexture2D_98 (G8, 32X32)
[2019.01.10-18.05.06:285][  0]LogTexture: Display: Building textures: ShadowMapTexture2D_99 (G8, 64X8)
[2019.01.10-18.05.06:285][  0]LogStaticMesh: Building static mesh Washing_Machine...
[2019.01.10-18.05.06:298][  0]LogStaticMesh: Built static mesh [0.39s] /Game/ThirdPersonBP/Models/Washing_Machine.Washing_Machine
[2019.01.10-18.05.06:387][  0]LogStaticMesh: Building static mesh TV...
[2019.01.10-18.05.06:397][  0]LogStaticMesh: Built static mesh [0.01s] /Game/ThirdPersonBP/Models/TV.TV
[2019.01.10-18.05.06:400][  0]LogStaticMesh: Building static mesh Trash_Can...
[2019.01.10-18.05.06:408][  0]LogStaticMesh: Built static mesh [0.01s] /Game/ThirdPersonBP/Models/Trash_Can.Trash_Can
[2019.01.10-18.05.06:412][  0]LogMaterial: Display: Missing cached shader map for material _vinialfinal15___Default, compiling. 
[2019.01.10-18.05.07:652][  0]LogTexture: Display: Building textures: T_EKnight01_emissive (AutoDXT, 4096X4096)
[2019.01.10-18.05.07:652][  0]LogTexture: Display: Building textures: T_EKnight01_derivative (AutoDXT, 4096X4096)
[2019.01.10-18.05.07:801][  0]LogStaticMesh: Building static mesh Crate...
[2019.01.10-18.05.07:807][  0]LogStaticMesh: Built static mesh [0.01s] /Game/ThirdPersonBP/Models/Crate.Crate
[2019.01.10-18.05.07:811][  0]LogMaterial: Display: Missing cached shader map for material 03_-_Default, compiling. 
[2019.01.10-18.05.07:851][  0]LogStaticMesh: Building static mesh Barrel...
[2019.01.10-18.05.07:861][  0]LogStaticMesh: Built static mesh [0.01s] /Game/ThirdPersonBP/Models/Barrel.Barrel
[2019.01.10-18.05.07:910][  0]LogStaticMesh: Building static mesh Old_school_record_player...
[2019.01.10-18.05.07:983][  0]LogStaticMesh: Built static mesh [0.07s] /Game/ThirdPersonBP/Models/Old_school_record_player.Old_school_record_player
[2019.01.10-18.05.07:995][  0]LogMaterial: Display: Missing cached shader map for material _Radiofinal19___Default, compiling. 
[2019.01.10-18.05.08:039][  0]LogStaticMesh: Building static mesh Radio...
[2019.01.10-18.05.08:069][  0]LogStaticMesh: Built static mesh [0.03s] /Game/ThirdPersonBP/Models/Radio.Radio
[2019.01.10-18.05.08:116][  0]LogStaticMesh: Building static mesh Pipe...
[2019.01.10-18.05.08:140][  0]LogStaticMesh: Built static mesh [0.02s] /Game/ThirdPersonBP/Models/Pipe.Pipe
[2019.01.10-18.05.08:145][  0]LogMaterial: Display: Missing cached shader map for material _Jukefinal07___Default, compiling. 
[2019.01.10-18.05.08:183][  0]LogStaticMesh: Building static mesh JukeBox...
[2019.01.10-18.05.08:198][  0]LogStaticMesh: Built static mesh [0.01s] /Game/ThirdPersonBP/Models/JukeBox.JukeBox
[2019.01.10-18.05.08:202][  0]LogStaticMesh: Building static mesh Fridge...
[2019.01.10-18.05.08:210][  0]LogStaticMesh: Built static mesh [0.01s] /Game/ThirdPersonBP/Models/Fridge.Fridge
[2019.01.10-18.05.08:214][  0]LogMaterial: Display: Missing cached shader map for material _Arcade_Machine_Final14___Default, compiling. 
[2019.01.10-18.05.08:253][  0]LogStaticMesh: Building static mesh Arcademachine...
[2019.01.10-18.05.08:268][  0]LogStaticMesh: Built static mesh [0.02s] /Game/ThirdPersonBP/Models/Arcademachine.Arcademachine
[2019.01.10-18.05.08:271][  0]LogStaticMesh: Building static mesh UpRamp...
[2019.01.10-18.05.08:272][  0]LogStaticMesh: Built static mesh [0.00s] /Game/ThirdPersonBP/Maps/LevelModular/UpRamp.UpRamp
[2019.01.10-18.05.08:272][  0]LogStaticMesh: Building static mesh SteepRamp...
[2019.01.10-18.05.08:275][  0]LogStaticMesh: Built static mesh [0.00s] /Game/ThirdPersonBP/Maps/LevelModular/SteepRamp.SteepRamp
[2019.01.10-18.05.08:275][  0]LogStaticMesh: Building static mesh Start_End...
[2019.01.10-18.05.08:276][  0]LogStaticMesh: Built static mesh [0.00s] /Game/ThirdPersonBP/Maps/LevelModular/Start_End.Start_End
[2019.01.10-18.05.33:148][  0]LogTexture: Display: Building textures: T_EKnight01_ao (AutoDXT, 4096X4096)
[2019.01.10-18.05.33:148][  0]LogShaderCompilers: Display: Shaders left to compile 306
[2019.01.10-18.05.33:148][  0]LogShaderCompilers: Display: Shaders left to compile 296
[2019.01.10-18.05.33:148][  0]LogShaderCompilers: Display: Shaders left to compile 286
[2019.01.10-18.05.33:148][  0]LogShaderCompilers: Display: Shaders left to compile 276
[2019.01.10-18.05.33:148][  0]LogShaderCompilers: Display: Shaders left to compile 266
[2019.01.10-18.05.33:148][  0]LogShaderCompilers: Display: Shaders left to compile 256
[2019.01.10-18.05.33:148][  0]LogShaderCompilers: Display: Shaders left to compile 246
[2019.01.10-18.05.33:148][  0]LogShaderCompilers: Display: Shaders left to compile 236
[2019.01.10-18.05.33:148][  0]LogShaderCompilers: Display: Shaders left to compile 226
[2019.01.10-18.05.33:148][  0]LogShaderCompilers: Display: Shaders left to compile 216
[2019.01.10-18.05.33:148][  0]LogShaderCompilers: Display: Shaders left to compile 206
[2019.01.10-18.05.33:148][  0]LogShaderCompilers: Display: Shaders left to compile 196
[2019.01.10-18.05.33:148][  0]LogShaderCompilers: Display: Shaders left to compile 186
[2019.01.10-18.05.33:148][  0]LogShaderCompilers: Display: Shaders left to compile 176
[2019.01.10-18.05.33:148][  0]LogShaderCompilers: Display: Shaders left to compile 166
[2019.01.10-18.05.33:148][  0]LogShaderCompilers: Display: Shaders left to compile 156
[2019.01.10-18.05.33:148][  0]LogShaderCompilers: Display: Shaders left to compile 146
[2019.01.10-18.05.33:149][  0]LogShaderCompilers: Display: Shaders left to compile 136
[2019.01.10-18.05.33:149][  0]LogShaderCompilers: Display: Shaders left to compile 126
[2019.01.10-18.05.33:149][  0]LogShaderCompilers: Display: Shaders left to compile 116
[2019.01.10-18.05.33:149][  0]LogShaderCompilers: Display: Shaders left to compile 106
[2019.01.10-18.05.33:149][  0]LogShaderCompilers: Display: Shaders left to compile 96
[2019.01.10-18.05.33:149][  0]LogShaderCompilers: Display: Shaders left to compile 86
[2019.01.10-18.05.33:149][  0]LogShaderCompilers: Display: Shaders left to compile 76
[2019.01.10-18.05.33:149][  0]LogShaderCompilers: Display: Shaders left to compile 66
[2019.01.10-18.05.33:149][  0]LogShaderCompilers: Display: Shaders left to compile 56
[2019.01.10-18.05.54:735][  0]LogShaderCompilers: Display: Shaders left to compile 46
[2019.01.10-18.05.54:735][  0]LogShaderCompilers: Display: Shaders left to compile 36
[2019.01.10-18.05.54:735][  0]LogTexture: Display: Building textures: T_EKnight01_albedo (AutoDXT, 4096X4096)
[2019.01.10-18.05.54:735][  0]LogShaderCompilers: Display: Shaders left to compile 26
[2019.01.10-18.05.54:735][  0]LogShaderCompilers: Display: Shaders left to compile 16
[2019.01.10-18.05.54:735][  0]LogShaderCompilers: Display: Shaders left to compile 6
[2019.01.10-18.05.55:827][  0]LogTexture: Display: Building textures: T_EKnight01_roughness (AutoDXT, 4096X4096)
[2019.01.10-18.05.55:827][  0]LogTexture: Display: Building textures: T_EKnight01_metallic (AutoDXT, 4096X4096)
[2019.01.10-18.05.57:613][  0]LogTexture: Display: Building textures: T_EKnight01_normal (BC5, 4096X4096)
[2019.01.10-18.06.08:246][  0]LogTexture: Display: Building textures: Texture2D_0 (BGRA8, 512X512)
[2019.01.10-18.06.08:246][  0]LogMaterial: Display: Missing cached shader map for material Enemy_Knight_01Mat, compiling. 
[2019.01.10-18.06.09:045][  0]LogShaderCompilers: Display: Shaders left to compile 31
[2019.01.10-18.06.09:045][  0]LogShaderCompilers: Display: Shaders left to compile 21
[2019.01.10-18.06.09:045][  0]LogShaderCompilers: Display: Shaders left to compile 11
[2019.01.10-18.06.09:045][  0]LogStaticMesh: Building static mesh Enemy_Knight_01...
[2019.01.10-18.06.09:208][  0]LogStaticMesh: Built static mesh [0.16s] /Game/ThirdPersonBP/Models/char/Enemy_Knight_01.Enemy_Knight_01
[2019.01.10-18.06.09:450][  0]LogMaterial: Display: Missing cached shader map for material WorldGridMaterial, compiling. Is special engine material.
[2019.01.10-18.06.18:465][  0]LogShaderCompilers: Display: Shaders left to compile 113
[2019.01.10-18.06.18:465][  0]LogShaderCompilers: Display: Shaders left to compile 112
[2019.01.10-18.06.18:465][  0]LogShaderCompilers: Display: Shaders left to compile 111
[2019.01.10-18.06.18:465][  0]LogShaderCompilers: Display: Shaders left to compile 110
[2019.01.10-18.06.18:465][  0]LogShaderCompilers: Display: Shaders left to compile 109
[2019.01.10-18.06.18:465][  0]LogShaderCompilers: Display: Shaders left to compile 108
[2019.01.10-18.06.18:465][  0]LogShaderCompilers: Display: Shaders left to compile 107
[2019.01.10-18.06.18:465][  0]LogShaderCompilers: Display: Shaders left to compile 106
[2019.01.10-18.06.18:465][  0]LogShaderCompilers: Display: Shaders left to compile 105
[2019.01.10-18.06.18:465][  0]LogShaderCompilers: Display: Shaders left to compile 104
[2019.01.10-18.06.18:465][  0]LogShaderCompilers: Display: Shaders left to compile 103
[2019.01.10-18.06.18:465][  0]LogShaderCompilers: Display: Shaders left to compile 102
[2019.01.10-18.06.18:465][  0]LogShaderCompilers: Display: Shaders left to compile 101
[2019.01.10-18.06.18:465][  0]LogShaderCompilers: Display: Shaders left to compile 100
[2019.01.10-18.06.18:465][  0]LogShaderCompilers: Display: Shaders left to compile 99
[2019.01.10-18.06.18:465][  0]LogShaderCompilers: Display: Shaders left to compile 98
[2019.01.10-18.06.18:465][  0]LogShaderCompilers: Display: Shaders left to compile 97
[2019.01.10-18.06.18:465][  0]LogShaderCompilers: Display: Shaders left to compile 96
[2019.01.10-18.06.18:465][  0]LogShaderCompilers: Display: Shaders left to compile 95
[2019.01.10-18.06.18:465][  0]LogShaderCompilers: Display: Shaders left to compile 94
[2019.01.10-18.06.18:465][  0]LogShaderCompilers: Display: Shaders left to compile 93
[2019.01.10-18.06.18:465][  0]LogShaderCompilers: Display: Shaders left to compile 92
[2019.01.10-18.06.18:465][  0]LogShaderCompilers: Display: Shaders left to compile 91
[2019.01.10-18.06.18:465][  0]LogShaderCompilers: Display: Shaders left to compile 90
[2019.01.10-18.06.18:465][  0]LogShaderCompilers: Display: Shaders left to compile 89
[2019.01.10-18.06.18:465][  0]LogShaderCompilers: Display: Shaders left to compile 88
[2019.01.10-18.06.18:465][  0]LogShaderCompilers: Display: Shaders left to compile 87
[2019.01.10-18.06.18:465][  0]LogShaderCompilers: Display: Shaders left to compile 86
[2019.01.10-18.06.18:465][  0]LogShaderCompilers: Display: Shaders left to compile 85
[2019.01.10-18.06.18:465][  0]LogShaderCompilers: Display: Shaders left to compile 84
[2019.01.10-18.06.18:465][  0]LogShaderCompilers: Display: Shaders left to compile 83
[2019.01.10-18.06.18:466][  0]LogShaderCompilers: Display: Shaders left to compile 82
[2019.01.10-18.06.18:466][  0]LogShaderCompilers: Display: Shaders left to compile 81
[2019.01.10-18.06.18:466][  0]LogShaderCompilers: Display: Shaders left to compile 80
[2019.01.10-18.06.18:466][  0]LogShaderCompilers: Display: Shaders left to compile 79
[2019.01.10-18.06.18:466][  0]LogShaderCompilers: Display: Shaders left to compile 78
[2019.01.10-18.06.18:466][  0]LogShaderCompilers: Display: Shaders left to compile 77
[2019.01.10-18.06.18:466][  0]LogShaderCompilers: Display: Shaders left to compile 76
[2019.01.10-18.06.18:466][  0]LogShaderCompilers: Display: Shaders left to compile 75
[2019.01.10-18.06.18:466][  0]LogShaderCompilers: Display: Shaders left to compile 74
[2019.01.10-18.06.18:466][  0]LogShaderCompilers: Display: Shaders left to compile 73
[2019.01.10-18.06.18:466][  0]LogShaderCompilers: Display: Shaders left to compile 72
[2019.01.10-18.06.18:466][  0]LogShaderCompilers: Display: Shaders left to compile 71
[2019.01.10-18.06.18:466][  0]LogShaderCompilers: Display: Shaders left to compile 70
[2019.01.10-18.06.18:466][  0]LogShaderCompilers: Display: Shaders left to compile 69
[2019.01.10-18.06.18:466][  0]LogShaderCompilers: Display: Shaders left to compile 68
[2019.01.10-18.06.18:466][  0]LogShaderCompilers: Display: Shaders left to compile 67
[2019.01.10-18.06.18:466][  0]LogShaderCompilers: Display: Shaders left to compile 66
[2019.01.10-18.06.18:466][  0]LogShaderCompilers: Display: Shaders left to compile 65
[2019.01.10-18.06.18:466][  0]LogShaderCompilers: Display: Shaders left to compile 64
[2019.01.10-18.06.18:466][  0]LogShaderCompilers: Display: Shaders left to compile 63
[2019.01.10-18.06.18:466][  0]LogShaderCompilers: Display: Shaders left to compile 62
[2019.01.10-18.06.18:466][  0]LogShaderCompilers: Display: Shaders left to compile 61
[2019.01.10-18.06.18:466][  0]LogShaderCompilers: Display: Shaders left to compile 60
[2019.01.10-18.06.18:466][  0]LogShaderCompilers: Display: Shaders left to compile 59
[2019.01.10-18.06.18:466][  0]LogShaderCompilers: Display: Shaders left to compile 58
[2019.01.10-18.06.18:466][  0]LogShaderCompilers: Display: Shaders left to compile 57
[2019.01.10-18.06.18:466][  0]LogShaderCompilers: Display: Shaders left to compile 56
[2019.01.10-18.06.18:466][  0]LogShaderCompilers: Display: Shaders left to compile 55
[2019.01.10-18.06.18:466][  0]LogShaderCompilers: Display: Shaders left to compile 54
[2019.01.10-18.06.18:466][  0]LogShaderCompilers: Display: Shaders left to compile 53
[2019.01.10-18.06.18:466][  0]LogShaderCompilers: Display: Shaders left to compile 52
[2019.01.10-18.06.18:466][  0]LogShaderCompilers: Display: Shaders left to compile 51
[2019.01.10-18.06.18:466][  0]LogShaderCompilers: Display: Shaders left to compile 50
[2019.01.10-18.06.18:466][  0]LogShaderCompilers: Display: Shaders left to compile 49
[2019.01.10-18.06.18:466][  0]LogShaderCompilers: Display: Shaders left to compile 48
[2019.01.10-18.06.18:466][  0]LogShaderCompilers: Display: Shaders left to compile 47
[2019.01.10-18.06.18:466][  0]LogShaderCompilers: Display: Shaders left to compile 46
[2019.01.10-18.06.18:466][  0]LogShaderCompilers: Display: Shaders left to compile 45
[2019.01.10-18.06.18:466][  0]LogShaderCompilers: Display: Shaders left to compile 44
[2019.01.10-18.06.18:466][  0]LogShaderCompilers: Display: Shaders left to compile 43
[2019.01.10-18.06.18:466][  0]LogShaderCompilers: Display: Shaders left to compile 42
[2019.01.10-18.06.18:466][  0]LogShaderCompilers: Display: Shaders left to compile 41
[2019.01.10-18.06.18:466][  0]LogShaderCompilers: Display: Shaders left to compile 40
[2019.01.10-18.06.18:466][  0]LogShaderCompilers: Display: Shaders left to compile 39
[2019.01.10-18.06.18:466][  0]LogShaderCompilers: Display: Shaders left to compile 38
[2019.01.10-18.06.18:466][  0]LogShaderCompilers: Display: Shaders left to compile 37
[2019.01.10-18.06.18:466][  0]LogShaderCompilers: Display: Shaders left to compile 36
[2019.01.10-18.06.18:466][  0]LogShaderCompilers: Display: Shaders left to compile 35
[2019.01.10-18.06.18:466][  0]LogShaderCompilers: Display: Shaders left to compile 34
[2019.01.10-18.06.18:466][  0]LogShaderCompilers: Display: Shaders left to compile 33
[2019.01.10-18.06.18:466][  0]LogShaderCompilers: Display: Shaders left to compile 32
[2019.01.10-18.06.18:466][  0]LogShaderCompilers: Display: Shaders left to compile 31
[2019.01.10-18.06.18:466][  0]LogShaderCompilers: Display: Shaders left to compile 30
[2019.01.10-18.06.18:466][  0]LogShaderCompilers: Display: Shaders left to compile 29
[2019.01.10-18.06.18:466][  0]LogShaderCompilers: Display: Shaders left to compile 28
[2019.01.10-18.06.18:466][  0]LogShaderCompilers: Display: Shaders left to compile 27
[2019.01.10-18.06.18:466][  0]LogShaderCompilers: Display: Shaders left to compile 26
[2019.01.10-18.06.18:466][  0]LogShaderCompilers: Display: Shaders left to compile 25
[2019.01.10-18.06.18:466][  0]LogShaderCompilers: Display: Shaders left to compile 24
[2019.01.10-18.06.18:466][  0]LogShaderCompilers: Display: Shaders left to compile 23
[2019.01.10-18.06.18:466][  0]LogShaderCompilers: Display: Shaders left to compile 22
[2019.01.10-18.06.18:466][  0]LogShaderCompilers: Display: Shaders left to compile 21
[2019.01.10-18.06.18:466][  0]LogShaderCompilers: Display: Shaders left to compile 20
[2019.01.10-18.06.18:466][  0]LogShaderCompilers: Display: Shaders left to compile 19
[2019.01.10-18.06.18:466][  0]LogShaderCompilers: Display: Shaders left to compile 18
[2019.01.10-18.06.18:466][  0]LogShaderCompilers: Display: Shaders left to compile 17
[2019.01.10-18.06.18:466][  0]LogShaderCompilers: Display: Shaders left to compile 16
[2019.01.10-18.06.18:466][  0]LogShaderCompilers: Display: Shaders left to compile 15
[2019.01.10-18.06.18:466][  0]LogShaderCompilers: Display: Shaders left to compile 14
[2019.01.10-18.06.18:466][  0]LogShaderCompilers: Display: Shaders left to compile 13
[2019.01.10-18.06.18:466][  0]LogShaderCompilers: Display: Shaders left to compile 12
[2019.01.10-18.06.18:466][  0]LogShaderCompilers: Display: Shaders left to compile 11
[2019.01.10-18.06.18:466][  0]LogShaderCompilers: Display: Shaders left to compile 10
[2019.01.10-18.06.18:466][  0]LogShaderCompilers: Display: Shaders left to compile 9
[2019.01.10-18.06.18:466][  0]LogShaderCompilers: Display: Shaders left to compile 8
[2019.01.10-18.06.18:466][  0]LogShaderCompilers: Display: Shaders left to compile 7
[2019.01.10-18.06.18:467][  0]LogShaderCompilers: Display: Shaders left to compile 6
[2019.01.10-18.06.18:467][  0]LogShaderCompilers: Display: Shaders left to compile 5
[2019.01.10-18.06.18:467][  0]LogShaderCompilers: Display: Shaders left to compile 4
[2019.01.10-18.06.18:467][  0]LogShaderCompilers: Display: Shaders left to compile 3
[2019.01.10-18.06.18:467][  0]LogShaderCompilers: Display: Shaders left to compile 2
[2019.01.10-18.06.18:467][  0]LogShaderCompilers: Display: Shaders left to compile 1
[2019.01.10-18.06.18:484][  0]LogStaticMesh: Building static mesh SmallPillar...
[2019.01.10-18.06.18:487][  0]LogStaticMesh: Built static mesh [0.00s] /Game/ThirdPersonBP/Maps/LevelModular/SmallPillar.SmallPillar
[2019.01.10-18.06.18:487][  0]LogStaticMesh: Building static mesh SmallPit...
[2019.01.10-18.06.18:489][  0]LogStaticMesh: Built static mesh [0.00s] /Game/ThirdPersonBP/Maps/LevelModular/SmallPit.SmallPit
[2019.01.10-18.06.18:490][  0]LogStaticMesh: Building static mesh SmalLWalk...
[2019.01.10-18.06.18:490][  0]LogStaticMesh: Built static mesh [0.00s] /Game/ThirdPersonBP/Maps/LevelModular/SmalLWalk.SmalLWalk
[2019.01.10-18.06.18:495][  0]LogStaticMesh: Building static mesh SpikedPit_Box014...
[2019.01.10-18.06.18:551][  0]LogStaticMesh: Built static mesh [0.06s] /Game/ThirdPersonBP/Maps/LevelModular/SpikedPit_Box014.SpikedPit_Box014
[2019.01.10-18.06.18:553][  0]LogStaticMesh: Building static mesh SpikeTrap_Box010...
[2019.01.10-18.06.18:561][  0]LogStaticMesh: Built static mesh [0.01s] /Game/ThirdPersonBP/Maps/LevelModular/SpikeTrap/SpikeTrap_Box010.SpikeTrap_Box010
[2019.01.10-18.06.18:563][  0]LogStaticMesh: Building static mesh SpikeTrap_SpikeAnimPart...
[2019.01.10-18.06.18:579][  0]LogStaticMesh: Built static mesh [0.02s] /Game/ThirdPersonBP/Maps/LevelModular/SpikeTrap/SpikeTrap_SpikeAnimPart.SpikeTrap_SpikeAnimPart
[2019.01.10-18.06.18:582][  0]LogAIModule: Creating AISystem for world Untitled
[2019.01.10-18.06.18:738][  0]LogEditorServer: Finished looking for orphan Actors (0.000 secs)
[2019.01.10-18.06.18:768][  0]Cmd: MAP CHECKDEP NOCLEARLOG
[2019.01.10-18.06.18:769][  0]MapCheck: Map check complete: 0 Error(s), 0 Warning(s), took 0.118ms to complete.
[2019.01.10-18.06.18:769][  0]LogFileHelpers: Loading map 'Untitled' took 74.807
[2019.01.10-18.06.18:928][  0]LogSlate: Updating window title bar state: overlay mode, drag disabled, window buttons hidden, title bar hidden
[2019.01.10-18.06.18:938][  0]LogSlate: Updating window title bar state: overlay mode, drag disabled, window buttons hidden, title bar hidden
[2019.01.10-18.06.18:946][  0]LogSlate: Updating window title bar state: overlay mode, drag disabled, window buttons hidden, title bar hidden
[2019.01.10-18.06.18:954][  0]LogSlate: Updating window title bar state: overlay mode, drag disabled, window buttons hidden, title bar hidden
[2019.01.10-18.06.18:967][  0]LogCollectionManager: Loaded 0 collections in 0.000913 seconds
[2019.01.10-18.06.19:025][  0]LogFileCache: Scanning file cache for directory 'C:/Users/Meth/Documents/Unreal Projects/MyProject 4.21/Saved/Collections/' took 0.01s
[2019.01.10-18.06.19:025][  0]LogFileCache: Scanning file cache for directory 'C:/Users/Meth/Documents/Unreal Projects/MyProject 4.21/Content/Developers/Meth/Collections/' took 0.01s
[2019.01.10-18.06.19:025][  0]LogFileCache: Scanning file cache for directory 'C:/Users/Meth/Documents/Unreal Projects/MyProject 4.21/Content/Collections/' took 0.01s
[2019.01.10-18.06.19:025][  0]LogCollectionManager: Rebuilt the GUID cache for 0 collections in 0.000000 seconds
[2019.01.10-18.06.19:038][  0]LogContentBrowser: Native class hierarchy populated in 0.0115 seconds. Added 2651 classes and 620 folders.
[2019.01.10-18.06.19:054][  0]LogContentBrowser: Native class hierarchy updated for 'WidgetCarousel' in 0.0002 seconds. Added 0 classes and 0 folders.
[2019.01.10-18.06.19:064][  0]LogPakFile: Registered encryption key '00000000000000000000000000000000': 0 pak files mounted, 0 remain pending
[2019.01.10-18.06.19:071][  0]LogPakFile: Registered encryption key '00000000000000000000000000000000': 0 pak files mounted, 0 remain pending
[2019.01.10-18.06.19:073][  0]LogPakFile: Registered encryption key '00000000000000000000000000000000': 0 pak files mounted, 0 remain pending
[2019.01.10-18.06.19:075][  0]LogPakFile: Registered encryption key '00000000000000000000000000000000': 0 pak files mounted, 0 remain pending
[2019.01.10-18.06.19:077][  0]LogPakFile: Registered encryption key '00000000000000000000000000000000': 0 pak files mounted, 0 remain pending
[2019.01.10-18.06.19:078][  0]LogPakFile: Registered encryption key '00000000000000000000000000000000': 0 pak files mounted, 0 remain pending
[2019.01.10-18.06.19:080][  0]LogPakFile: Registered encryption key '00000000000000000000000000000000': 0 pak files mounted, 0 remain pending
[2019.01.10-18.06.19:082][  0]LogPakFile: Registered encryption key '00000000000000000000000000000000': 0 pak files mounted, 0 remain pending
[2019.01.10-18.06.19:084][  0]LogPakFile: Registered encryption key '00000000000000000000000000000000': 0 pak files mounted, 0 remain pending
[2019.01.10-18.06.19:087][  0]LogPakFile: Registered encryption key '00000000000000000000000000000000': 0 pak files mounted, 0 remain pending
[2019.01.10-18.06.19:088][  0]LogPakFile: Registered encryption key '00000000000000000000000000000000': 0 pak files mounted, 0 remain pending
[2019.01.10-18.06.19:091][  0]LogPakFile: Registered encryption key '00000000000000000000000000000000': 0 pak files mounted, 0 remain pending
[2019.01.10-18.06.19:093][  0]LogPakFile: Registered encryption key '00000000000000000000000000000000': 0 pak files mounted, 0 remain pending
[2019.01.10-18.06.19:095][  0]LogPakFile: Registered encryption key '00000000000000000000000000000000': 0 pak files mounted, 0 remain pending
[2019.01.10-18.06.19:096][  0]LogPakFile: Registered encryption key '00000000000000000000000000000000': 0 pak files mounted, 0 remain pending
[2019.01.10-18.06.19:098][  0]LogPakFile: Registered encryption key '00000000000000000000000000000000': 0 pak files mounted, 0 remain pending
[2019.01.10-18.06.19:100][  0]LogPakFile: Registered encryption key '00000000000000000000000000000000': 0 pak files mounted, 0 remain pending
[2019.01.10-18.06.19:102][  0]LogPakFile: Registered encryption key '00000000000000000000000000000000': 0 pak files mounted, 0 remain pending
[2019.01.10-18.06.19:104][  0]LogPakFile: Registered encryption key '00000000000000000000000000000000': 0 pak files mounted, 0 remain pending
[2019.01.10-18.06.19:106][  0]LogPakFile: Registered encryption key '00000000000000000000000000000000': 0 pak files mounted, 0 remain pending
[2019.01.10-18.06.19:107][  0]LogPakFile: Registered encryption key '00000000000000000000000000000000': 0 pak files mounted, 0 remain pending
[2019.01.10-18.06.19:109][  0]LogPakFile: Registered encryption key '00000000000000000000000000000000': 0 pak files mounted, 0 remain pending
[2019.01.10-18.06.19:111][  0]LogPakFile: Registered encryption key '00000000000000000000000000000000': 0 pak files mounted, 0 remain pending
[2019.01.10-18.06.19:113][  0]LogPakFile: Registered encryption key '00000000000000000000000000000000': 0 pak files mounted, 0 remain pending
[2019.01.10-18.06.19:115][  0]LogPakFile: Registered encryption key '00000000000000000000000000000000': 0 pak files mounted, 0 remain pending
[2019.01.10-18.06.19:117][  0]LogPakFile: Registered encryption key '00000000000000000000000000000000': 0 pak files mounted, 0 remain pending
[2019.01.10-18.06.19:307][  0]LogContentBrowser: Native class hierarchy updated for 'AddContentDialog' in 0.0005 seconds. Added 0 classes and 0 folders.
[2019.01.10-18.06.19:323][  0]LogContentBrowser: Native class hierarchy updated for 'SceneOutliner' in 0.0003 seconds. Added 1 classes and 2 folders.
[2019.01.10-18.06.19:418][  0]LogSlate: Took 0.001629 seconds to synchronously load lazily loaded font '../../../Engine/Content/Slate/Fonts/Roboto-Regular.ttf' (155K)
[2019.01.10-18.06.19:423][  0]LogSlate: Took 0.001700 seconds to synchronously load lazily loaded font '../../../Engine/Content/Slate/Fonts/Roboto-Bold.ttf' (160K)
[2019.01.10-18.06.19:438][  0]LogSlate: Took 0.001506 seconds to synchronously load lazily loaded font '../../../Engine/Content/Editor/Slate/Fonts/FontAwesome.ttf' (139K)
[2019.01.10-18.06.19:560][  0]LogRenderer: Reallocating scene render targets to support 1208x576 Format 10 NumSamples 1 (Frame:1).
[2019.01.10-18.06.19:735][  0]LogSlate: FSceneViewport::OnFocusLost() reason 2
[2019.01.10-18.06.19:749][  0]LogSlate: Window 'Tutorials' being destroyed
[2019.01.10-18.06.19:776][  0]LogContentBrowser: Native class hierarchy updated for 'HierarchicalLODOutliner' in 0.0003 seconds. Added 0 classes and 0 folders.
[2019.01.10-18.06.19:776][  0]LogLoad: (Engine Initialization) Total time: 84.11 seconds
[2019.01.10-18.06.19:776][  0]LogLoad: (Engine Initialization) Total Blueprint compile time: 0.00 seconds
[2019.01.10-18.06.19:836][  0]LogContentStreaming: Texture pool size now 1000 MB
[2019.01.10-18.06.19:859][  0]LogSlate: Took 0.001978 seconds to synchronously load lazily loaded font '../../../Engine/Content/Slate/Fonts/Roboto-Light.ttf' (167K)
[2019.01.10-18.06.20:059][  3]LogAssetRegistry: Asset discovery search completed in 81.1847 seconds
[2019.01.10-18.06.20:061][  3]LogCollectionManager: Rebuilt the object cache for 0 collections in 0.000001 seconds (found 0 objects)
[2019.01.10-18.06.20:061][  3]LogCollectionManager: Fixed up redirectors for 0 collections in 0.000069 seconds (updated 0 objects)
[2019.01.10-18.06.20:820][ 78]LogSlate: Took 0.000102 seconds to synchronously load lazily loaded font '../../../Engine/Content/Slate/Fonts/Roboto-Light.ttf' (167K)
[2019.01.10-18.06.51:662][640]LogEditorViewport: Clicking on Actor (context menu): StaticMeshActor (Start_End2)
[2019.01.10-18.06.51:832][640]LogSlate: FSceneViewport::OnFocusLost() reason 2
[2019.01.10-18.06.53:589][772]LogEditorViewport: Clicking on Actor (context menu): StaticMeshActor (Start_End2)
[2019.01.10-18.06.53:608][772]LogSlate: FSceneViewport::OnFocusLost() reason 2
[2019.01.10-18.07.01:024][372]LogSlate: FSceneViewport::OnFocusLost() reason 2
[2019.01.10-18.07.03:401][591]LogTemp: Repeating last play command: Selected Viewport
[2019.01.10-18.07.03:417][591]LogBlueprintUserMessages: Early PlayInEditor Detection: Level '/Game/Map/Untitled.Untitled:PersistentLevel' has LevelScriptBlueprint '/Game/Map/Untitled.Untitled:PersistentLevel.Untitled' with GeneratedClass '/Game/Map/Untitled.Untitled_C' with ClassGeneratedBy '/Game/Map/Untitled.Untitled:PersistentLevel.Untitled'
[2019.01.10-18.07.03:418][591]LogPlayLevel: PlayLevel: No blueprints needed recompiling
[2019.01.10-18.07.03:424][591]PIE: New page: PIE session: Untitled (10 Jan 2019 18:07:03)
[2019.01.10-18.07.03:437][591]LogPlayLevel: Creating play world package: /Game/Map/UEDPIE_0_Untitled
[2019.01.10-18.07.03:481][591]LogPlayLevel: PIE: StaticDuplicateObject took: (0.043929s)
[2019.01.10-18.07.03:482][591]LogAIModule: Creating AISystem for world Untitled
[2019.01.10-18.07.03:482][591]LogPlayLevel: PIE: World Init took: (0.000579s)
[2019.01.10-18.07.03:482][591]LogPlayLevel: PIE: Created PIE world by copying editor world from /Game/Map/Untitled.Untitled to /Game/Map/UEDPIE_0_Untitled.Untitled (0.044770s)
[2019.01.10-18.07.03:507][591]LogInit: XAudio2 using 'Speakers (Logitech G430 Gaming Headset)' : 2 channels at 44.1 kHz using 16 bits per sample (channel mask 0x3)
[2019.01.10-18.07.03:513][591]LogInit: FAudioDevice initialized.
[2019.01.10-18.07.03:553][591]LogLoad: Game class is 'ThirdPersonGameMode_C'
[2019.01.10-18.07.03:571][591]LogWorld: Bringing World /Game/Map/UEDPIE_0_Untitled.Untitled up for play (max tick rate 0) at 2019.01.10-18.07.03
[2019.01.10-18.07.03:613][591]LogWorld: Bringing up level for play took: 0.049695
[2019.01.10-18.07.03:647][591]LogContentBrowser: Native class hierarchy updated for 'MovieSceneCapture' in 0.0003 seconds. Added 20 classes and 0 folders.
[2019.01.10-18.07.03:676][591]PIE: Play in editor start time for /Game/Map/UEDPIE_0_Untitled -0.347
[2019.01.10-18.07.03:676][591]LogBlueprintUserMessages: Late PlayInEditor Detection: Level '/Game/Map/Untitled.Untitled:PersistentLevel' has LevelScriptBlueprint '/Game/Map/Untitled.Untitled:PersistentLevel.Untitled' with GeneratedClass '/Game/Map/Untitled.Untitled_C' with ClassGeneratedBy '/Game/Map/Untitled.Untitled:PersistentLevel.Untitled'
[2019.01.10-18.07.12:273][370]LogBlueprintUserMessages: Early EndPlayMap Detection: Level '/Game/Map/Untitled.Untitled:PersistentLevel' has LevelScriptBlueprint '/Game/Map/Untitled.Untitled:PersistentLevel.Untitled' with GeneratedClass '/Game/Map/Untitled.Untitled_C' with ClassGeneratedBy '/Game/Map/Untitled.Untitled:PersistentLevel.Untitled'
[2019.01.10-18.07.12:274][370]LogSlate: Updating window title bar state: overlay mode, drag disabled, window buttons hidden, title bar hidden
[2019.01.10-18.07.12:307][370]LogPlayLevel: Display: Shutting down PIE online subsystems
[2019.01.10-18.07.12:307][370]LogBlueprintUserMessages: Late EndPlayMap Detection: Level '/Game/Map/Untitled.Untitled:PersistentLevel' has LevelScriptBlueprint '/Game/Map/Untitled.Untitled:PersistentLevel.Untitled' with GeneratedClass '/Game/Map/Untitled.Untitled_C' with ClassGeneratedBy '/Game/Map/Untitled.Untitled:PersistentLevel.Untitled'
[2019.01.10-18.07.12:330][370]LogSlate: Updating window title bar state: overlay mode, drag disabled, window buttons hidden, title bar hidden
[2019.01.10-18.07.12:388][373]LogPlayLevel: Display: Destroying online subsystem :Context_6
[2019.01.10-18.07.18:991][990]LogSlate: FSceneViewport::OnFocusLost() reason 0
[2019.01.10-18.07.19:099][999]LogTemp: Repeating last play command: Selected Viewport
[2019.01.10-18.07.19:114][999]LogBlueprintUserMessages: Early PlayInEditor Detection: Level '/Game/Map/Untitled.Untitled:PersistentLevel' has LevelScriptBlueprint '/Game/Map/Untitled.Untitled:PersistentLevel.Untitled' with GeneratedClass '/Game/Map/Untitled.Untitled_C' with ClassGeneratedBy '/Game/Map/Untitled.Untitled:PersistentLevel.Untitled'
[2019.01.10-18.07.19:114][999]LogPlayLevel: PlayLevel: No blueprints needed recompiling
[2019.01.10-18.07.19:115][999]PIE: New page: PIE session: Untitled (10 Jan 2019 18:07:19)
[2019.01.10-18.07.19:115][999]LogPlayLevel: Creating play world package: /Game/Map/UEDPIE_0_Untitled
[2019.01.10-18.07.19:156][999]LogPlayLevel: PIE: StaticDuplicateObject took: (0.041401s)
[2019.01.10-18.07.19:157][999]LogAIModule: Creating AISystem for world Untitled
[2019.01.10-18.07.19:157][999]LogPlayLevel: PIE: World Init took: (0.000537s)
[2019.01.10-18.07.19:157][999]LogPlayLevel: PIE: Created PIE world by copying editor world from /Game/Map/Untitled.Untitled to /Game/Map/UEDPIE_0_Untitled.Untitled (0.042084s)
[2019.01.10-18.07.19:179][999]LogInit: XAudio2 using 'Speakers (Logitech G430 Gaming Headset)' : 2 channels at 44.1 kHz using 16 bits per sample (channel mask 0x3)
[2019.01.10-18.07.19:183][999]LogInit: FAudioDevice initialized.
[2019.01.10-18.07.19:211][999]LogLoad: Game class is 'ThirdPersonGameMode_C'
[2019.01.10-18.07.19:218][999]LogWorld: Bringing World /Game/Map/UEDPIE_0_Untitled.Untitled up for play (max tick rate 0) at 2019.01.10-18.07.19
[2019.01.10-18.07.19:219][999]LogWorld: Bringing up level for play took: 0.007221
[2019.01.10-18.07.19:232][999]PIE: Play in editor start time for /Game/Map/UEDPIE_0_Untitled -0.792
[2019.01.10-18.07.19:232][999]LogBlueprintUserMessages: Late PlayInEditor Detection: Level '/Game/Map/Untitled.Untitled:PersistentLevel' has LevelScriptBlueprint '/Game/Map/Untitled.Untitled:PersistentLevel.Untitled' with GeneratedClass '/Game/Map/Untitled.Untitled_C' with ClassGeneratedBy '/Game/Map/Untitled.Untitled:PersistentLevel.Untitled'
[2019.01.10-18.07.21:138][157]LogBlueprintUserMessages: Early EndPlayMap Detection: Level '/Game/Map/Untitled.Untitled:PersistentLevel' has LevelScriptBlueprint '/Game/Map/Untitled.Untitled:PersistentLevel.Untitled' with GeneratedClass '/Game/Map/Untitled.Untitled_C' with ClassGeneratedBy '/Game/Map/Untitled.Untitled:PersistentLevel.Untitled'
[2019.01.10-18.07.21:139][157]LogSlate: Updating window title bar state: overlay mode, drag disabled, window buttons hidden, title bar hidden
[2019.01.10-18.07.21:175][157]LogPlayLevel: Display: Shutting down PIE online subsystems
[2019.01.10-18.07.21:175][157]LogBlueprintUserMessages: Late EndPlayMap Detection: Level '/Game/Map/Untitled.Untitled:PersistentLevel' has LevelScriptBlueprint '/Game/Map/Untitled.Untitled:PersistentLevel.Untitled' with GeneratedClass '/Game/Map/Untitled.Untitled_C' with ClassGeneratedBy '/Game/Map/Untitled.Untitled:PersistentLevel.Untitled'
[2019.01.10-18.07.21:198][157]LogSlate: Updating window title bar state: overlay mode, drag disabled, window buttons hidden, title bar hidden
[2019.01.10-18.07.21:252][159]LogPlayLevel: Display: Destroying online subsystem :Context_7
[2019.01.10-18.07.24:819][456]LogSlate: FSceneViewport::OnFocusLost() reason 0
[2019.01.10-18.07.24:916][464]LogTemp: Repeating last play command: Selected Viewport
[2019.01.10-18.07.24:932][464]LogBlueprintUserMessages: Early PlayInEditor Detection: Level '/Game/Map/Untitled.Untitled:PersistentLevel' has LevelScriptBlueprint '/Game/Map/Untitled.Untitled:PersistentLevel.Untitled' with GeneratedClass '/Game/Map/Untitled.Untitled_C' with ClassGeneratedBy '/Game/Map/Untitled.Untitled:PersistentLevel.Untitled'
[2019.01.10-18.07.24:932][464]LogPlayLevel: PlayLevel: No blueprints needed recompiling
[2019.01.10-18.07.24:932][464]PIE: New page: PIE session: Untitled (10 Jan 2019 18:07:24)
[2019.01.10-18.07.24:932][464]LogPlayLevel: Creating play world package: /Game/Map/UEDPIE_0_Untitled
[2019.01.10-18.07.24:974][464]LogPlayLevel: PIE: StaticDuplicateObject took: (0.041864s)
[2019.01.10-18.07.24:975][464]LogAIModule: Creating AISystem for world Untitled
[2019.01.10-18.07.24:975][464]LogPlayLevel: PIE: World Init took: (0.000550s)
[2019.01.10-18.07.24:975][464]LogPlayLevel: PIE: Created PIE world by copying editor world from /Game/Map/Untitled.Untitled to /Game/Map/UEDPIE_0_Untitled.Untitled (0.042544s)
[2019.01.10-18.07.24:998][464]LogInit: XAudio2 using 'Speakers (Logitech G430 Gaming Headset)' : 2 channels at 44.1 kHz using 16 bits per sample (channel mask 0x3)
[2019.01.10-18.07.25:002][464]LogInit: FAudioDevice initialized.
[2019.01.10-18.07.25:033][464]LogLoad: Game class is 'ThirdPersonGameMode_C'
[2019.01.10-18.07.25:040][464]LogWorld: Bringing World /Game/Map/UEDPIE_0_Untitled.Untitled up for play (max tick rate 0) at 2019.01.10-18.07.25
[2019.01.10-18.07.25:041][464]LogWorld: Bringing up level for play took: 0.007254
[2019.01.10-18.07.25:055][464]PIE: Play in editor start time for /Game/Map/UEDPIE_0_Untitled 1.031
[2019.01.10-18.07.25:055][464]LogBlueprintUserMessages: Late PlayInEditor Detection: Level '/Game/Map/Untitled.Untitled:PersistentLevel' has LevelScriptBlueprint '/Game/Map/Untitled.Untitled:PersistentLevel.Untitled' with GeneratedClass '/Game/Map/Untitled.Untitled_C' with ClassGeneratedBy '/Game/Map/Untitled.Untitled:PersistentLevel.Untitled'
[2019.01.10-18.07.31:953][ 67]LogBlueprintUserMessages: Early EndPlayMap Detection: Level '/Game/Map/Untitled.Untitled:PersistentLevel' has LevelScriptBlueprint '/Game/Map/Untitled.Untitled:PersistentLevel.Untitled' with GeneratedClass '/Game/Map/Untitled.Untitled_C' with ClassGeneratedBy '/Game/Map/Untitled.Untitled:PersistentLevel.Untitled'
[2019.01.10-18.07.31:953][ 67]LogSlate: Updating window title bar state: overlay mode, drag disabled, window buttons hidden, title bar hidden
[2019.01.10-18.07.31:991][ 67]LogPlayLevel: Display: Shutting down PIE online subsystems
[2019.01.10-18.07.31:992][ 67]LogBlueprintUserMessages: Late EndPlayMap Detection: Level '/Game/Map/Untitled.Untitled:PersistentLevel' has LevelScriptBlueprint '/Game/Map/Untitled.Untitled:PersistentLevel.Untitled' with GeneratedClass '/Game/Map/Untitled.Untitled_C' with ClassGeneratedBy '/Game/Map/Untitled.Untitled:PersistentLevel.Untitled'
[2019.01.10-18.07.32:014][ 67]LogSlate: Updating window title bar state: overlay mode, drag disabled, window buttons hidden, title bar hidden
[2019.01.10-18.07.32:067][ 70]LogPlayLevel: Display: Destroying online subsystem :Context_8
[2019.01.10-18.16.38:068][202]LogFileHelpers: Editor autosave (incl. sublevels) for '/Game/Map/Untitled' took 0.028
[2019.01.10-18.20.42:055][ 20]LogSlate: FSceneViewport::OnFocusLost() reason 2
[2019.01.10-19.05.01:892][ 36]LogSlate: FSceneViewport::OnFocusLost() reason 2
[2019.01.10-19.57.08:341][809]LogSlate: FSceneViewport::OnFocusLost() reason 0
[2019.01.11-02.47.30:341][233]LogSlate: FSceneViewport::OnFocusLost() reason 2
